<?xml version="1.0" ?>
<!DOCTYPE coverage SYSTEM "http://cobertura.sourceforge.net/xml/coverage-04.dtd">
<coverage lines-valid="7537"  lines-covered="4945"  line-rate="0.6561"  branches-valid="3567"  branches-covered="1784"  branch-rate="0.5001"  timestamp="1453430265606" complexity="0" version="0.1">
<sources>
	<source>/Users/nem/code/github/thirdparties/angular-google-maps</source>
</sources>
<packages>
	<package name="dist"  line-rate="0.6561"  branch-rate="0.5001" >
	<classes>
		<class name="angular-google-maps.js"  filename="dist/angular-google-maps.js"  line-rate="0.6561"  branch-rate="0.5001" >
		<methods>
			<method name="(anonymous_1)"  hits="1"  signature="()V" >
				<lines><line number="6"  hits="1" /></lines>
			</method>
			<method name="(anonymous_2)"  hits="1"  signature="()V" >
				<lines><line number="40"  hits="1" /></lines>
			</method>
			<method name="(anonymous_3)"  hits="1"  signature="()V" >
				<lines><line number="64"  hits="1" /></lines>
			</method>
			<method name="(anonymous_4)"  hits="55"  signature="()V" >
				<lines><line number="66"  hits="55" /></lines>
			</method>
			<method name="(anonymous_5)"  hits="4"  signature="()V" >
				<lines><line number="70"  hits="4" /></lines>
			</method>
			<method name="(anonymous_6)"  hits="4"  signature="()V" >
				<lines><line number="81"  hits="4" /></lines>
			</method>
			<method name="(anonymous_7)"  hits="22"  signature="()V" >
				<lines><line number="87"  hits="22" /></lines>
			</method>
			<method name="(anonymous_8)"  hits="57"  signature="()V" >
				<lines><line number="101"  hits="57" /></lines>
			</method>
			<method name="(anonymous_9)"  hits="55"  signature="()V" >
				<lines><line number="105"  hits="55" /></lines>
			</method>
			<method name="(anonymous_10)"  hits="0"  signature="()V" >
				<lines><line number="113"  hits="0" /></lines>
			</method>
			<method name="(anonymous_11)"  hits="1"  signature="()V" >
				<lines><line number="118"  hits="1" /></lines>
			</method>
			<method name="(anonymous_12)"  hits="1"  signature="()V" >
				<lines><line number="130"  hits="1" /></lines>
			</method>
			<method name="(anonymous_13)"  hits="237"  signature="()V" >
				<lines><line number="143"  hits="237" /></lines>
			</method>
			<method name="(anonymous_14)"  hits="4"  signature="()V" >
				<lines><line number="153"  hits="4" /></lines>
			</method>
			<method name="(anonymous_15)"  hits="237"  signature="()V" >
				<lines><line number="157"  hits="237" /></lines>
			</method>
			<method name="(anonymous_16)"  hits="51"  signature="()V" >
				<lines><line number="158"  hits="51" /></lines>
			</method>
			<method name="(anonymous_17)"  hits="4"  signature="()V" >
				<lines><line number="165"  hits="4" /></lines>
			</method>
			<method name="(anonymous_18)"  hits="1"  signature="()V" >
				<lines><line number="167"  hits="1" /></lines>
			</method>
			<method name="(anonymous_19)"  hits="1"  signature="()V" >
				<lines><line number="175"  hits="1" /></lines>
			</method>
			<method name="(anonymous_20)"  hits="0"  signature="()V" >
				<lines><line number="176"  hits="0" /></lines>
			</method>
			<method name="(anonymous_21)"  hits="0"  signature="()V" >
				<lines><line number="176"  hits="0" /></lines>
			</method>
			<method name="(anonymous_22)"  hits="41"  signature="()V" >
				<lines><line number="177"  hits="41" /></lines>
			</method>
			<method name="ctor"  hits="41"  signature="()V" >
				<lines><line number="177"  hits="41" /></lines>
			</method>
			<method name="(anonymous_24)"  hits="42"  signature="()V" >
				<lines><line number="180"  hits="42" /></lines>
			</method>
			<method name="(anonymous_25)"  hits="41"  signature="()V" >
				<lines><line number="182"  hits="41" /></lines>
			</method>
			<method name="(anonymous_26)"  hits="0"  signature="()V" >
				<lines><line number="190"  hits="0" /></lines>
			</method>
			<method name="(anonymous_27)"  hits="0"  signature="()V" >
				<lines><line number="197"  hits="0" /></lines>
			</method>
			<method name="(anonymous_28)"  hits="9"  signature="()V" >
				<lines><line number="204"  hits="9" /></lines>
			</method>
			<method name="(anonymous_29)"  hits="0"  signature="()V" >
				<lines><line number="223"  hits="0" /></lines>
			</method>
			<method name="(anonymous_30)"  hits="0"  signature="()V" >
				<lines><line number="227"  hits="0" /></lines>
			</method>
			<method name="(anonymous_31)"  hits="0"  signature="()V" >
				<lines><line number="231"  hits="0" /></lines>
			</method>
			<method name="(anonymous_32)"  hits="41"  signature="()V" >
				<lines><line number="241"  hits="41" /></lines>
			</method>
			<method name="uiGmapInfoBox"  hits="0"  signature="()V" >
				<lines><line number="244"  hits="0" /></lines>
			</method>
			<method name="(anonymous_34)"  hits="0"  signature="()V" >
				<lines><line number="255"  hits="0" /></lines>
			</method>
			<method name="(anonymous_35)"  hits="0"  signature="()V" >
				<lines><line number="259"  hits="0" /></lines>
			</method>
			<method name="(anonymous_36)"  hits="0"  signature="()V" >
				<lines><line number="266"  hits="0" /></lines>
			</method>
			<method name="(anonymous_37)"  hits="0"  signature="()V" >
				<lines><line number="288"  hits="0" /></lines>
			</method>
			<method name="(anonymous_38)"  hits="1"  signature="()V" >
				<lines><line number="313"  hits="1" /></lines>
			</method>
			<method name="(anonymous_39)"  hits="76"  signature="()V" >
				<lines><line number="314"  hits="76" /></lines>
			</method>
			<method name="(anonymous_40)"  hits="0"  signature="()V" >
				<lines><line number="328"  hits="0" /></lines>
			</method>
			<method name="(anonymous_41)"  hits="0"  signature="()V" >
				<lines><line number="344"  hits="0" /></lines>
			</method>
			<method name="(anonymous_42)"  hits="0"  signature="()V" >
				<lines><line number="359"  hits="0" /></lines>
			</method>
			<method name="(anonymous_43)"  hits="0"  signature="()V" >
				<lines><line number="365"  hits="0" /></lines>
			</method>
			<method name="(anonymous_44)"  hits="0"  signature="()V" >
				<lines><line number="381"  hits="0" /></lines>
			</method>
			<method name="(anonymous_45)"  hits="0"  signature="()V" >
				<lines><line number="425"  hits="0" /></lines>
			</method>
			<method name="(anonymous_46)"  hits="5"  signature="()V" >
				<lines><line number="459"  hits="5" /></lines>
			</method>
			<method name="(anonymous_47)"  hits="15"  signature="()V" >
				<lines><line number="464"  hits="15" /></lines>
			</method>
			<method name="(anonymous_48)"  hits="30"  signature="()V" >
				<lines><line number="465"  hits="30" /></lines>
			</method>
			<method name="(anonymous_49)"  hits="15"  signature="()V" >
				<lines><line number="473"  hits="15" /></lines>
			</method>
			<method name="(anonymous_50)"  hits="17"  signature="()V" >
				<lines><line number="477"  hits="17" /></lines>
			</method>
			<method name="(anonymous_51)"  hits="34"  signature="()V" >
				<lines><line number="484"  hits="34" /></lines>
			</method>
			<method name="(anonymous_52)"  hits="6"  signature="()V" >
				<lines><line number="492"  hits="6" /></lines>
			</method>
			<method name="(anonymous_53)"  hits="6"  signature="()V" >
				<lines><line number="496"  hits="6" /></lines>
			</method>
			<method name="(anonymous_54)"  hits="17"  signature="()V" >
				<lines><line number="497"  hits="17" /></lines>
			</method>
			<method name="(anonymous_55)"  hits="5"  signature="()V" >
				<lines><line number="503"  hits="5" /></lines>
			</method>
			<method name="(anonymous_56)"  hits="0"  signature="()V" >
				<lines><line number="532"  hits="0" /></lines>
			</method>
			<method name="(anonymous_57)"  hits="1"  signature="()V" >
				<lines><line number="539"  hits="1" /></lines>
			</method>
			<method name="(anonymous_58)"  hits="0"  signature="()V" >
				<lines><line number="540"  hits="0" /></lines>
			</method>
			<method name="(anonymous_59)"  hits="0"  signature="()V" >
				<lines><line number="541"  hits="0" /></lines>
			</method>
			<method name="(anonymous_60)"  hits="0"  signature="()V" >
				<lines><line number="542"  hits="0" /></lines>
			</method>
			<method name="(anonymous_61)"  hits="1"  signature="()V" >
				<lines><line number="550"  hits="1" /></lines>
			</method>
			<method name="(anonymous_62)"  hits="9"  signature="()V" >
				<lines><line number="552"  hits="9" /></lines>
			</method>
			<method name="(anonymous_63)"  hits="0"  signature="()V" >
				<lines><line number="554"  hits="0" /></lines>
			</method>
			<method name="(anonymous_64)"  hits="0"  signature="()V" >
				<lines><line number="558"  hits="0" /></lines>
			</method>
			<method name="(anonymous_65)"  hits="0"  signature="()V" >
				<lines><line number="561"  hits="0" /></lines>
			</method>
			<method name="(anonymous_66)"  hits="42"  signature="()V" >
				<lines><line number="569"  hits="42" /></lines>
			</method>
			<method name="(anonymous_67)"  hits="21"  signature="()V" >
				<lines><line number="576"  hits="21" /></lines>
			</method>
			<method name="(anonymous_68)"  hits="4"  signature="()V" >
				<lines><line number="586"  hits="4" /></lines>
			</method>
			<method name="(anonymous_69)"  hits="4"  signature="()V" >
				<lines><line number="593"  hits="4" /></lines>
			</method>
			<method name="(anonymous_70)"  hits="22"  signature="()V" >
				<lines><line number="649"  hits="22" /></lines>
			</method>
			<method name="(anonymous_71)"  hits="3"  signature="()V" >
				<lines><line number="660"  hits="3" /></lines>
			</method>
			<method name="(anonymous_72)"  hits="3"  signature="()V" >
				<lines><line number="666"  hits="3" /></lines>
			</method>
			<method name="(anonymous_73)"  hits="22"  signature="()V" >
				<lines><line number="671"  hits="22" /></lines>
			</method>
			<method name="(anonymous_74)"  hits="0"  signature="()V" >
				<lines><line number="676"  hits="0" /></lines>
			</method>
			<method name="(anonymous_75)"  hits="4557"  signature="()V" >
				<lines><line number="688"  hits="4557" /></lines>
			</method>
			<method name="(anonymous_76)"  hits="4557"  signature="()V" >
				<lines><line number="698"  hits="4557" /></lines>
			</method>
			<method name="(anonymous_77)"  hits="4518"  signature="()V" >
				<lines><line number="711"  hits="4518" /></lines>
			</method>
			<method name="(anonymous_78)"  hits="87"  signature="()V" >
				<lines><line number="720"  hits="87" /></lines>
			</method>
			<method name="(anonymous_79)"  hits="23330"  signature="()V" >
				<lines><line number="725"  hits="23330" /></lines>
			</method>
			<method name="(anonymous_80)"  hits="59"  signature="()V" >
				<lines><line number="752"  hits="59" /></lines>
			</method>
			<method name="(anonymous_81)"  hits="59"  signature="()V" >
				<lines><line number="753"  hits="59" /></lines>
			</method>
			<method name="(anonymous_82)"  hits="39"  signature="()V" >
				<lines><line number="774"  hits="39" /></lines>
			</method>
			<method name="(anonymous_83)"  hits="26"  signature="()V" >
				<lines><line number="784"  hits="26" /></lines>
			</method>
			<method name="(anonymous_84)"  hits="6"  signature="()V" >
				<lines><line number="804"  hits="6" /></lines>
			</method>
			<method name="(anonymous_85)"  hits="20"  signature="()V" >
				<lines><line number="807"  hits="20" /></lines>
			</method>
			<method name="(anonymous_86)"  hits="2"  signature="()V" >
				<lines><line number="812"  hits="2" /></lines>
			</method>
			<method name="(anonymous_87)"  hits="0"  signature="()V" >
				<lines><line number="815"  hits="0" /></lines>
			</method>
			<method name="(anonymous_88)"  hits="2"  signature="()V" >
				<lines><line number="817"  hits="2" /></lines>
			</method>
			<method name="(anonymous_89)"  hits="2000"  signature="()V" >
				<lines><line number="818"  hits="2000" /></lines>
			</method>
			<method name="(anonymous_90)"  hits="2"  signature="()V" >
				<lines><line number="820"  hits="2" /></lines>
			</method>
			<method name="(anonymous_91)"  hits="33"  signature="()V" >
				<lines><line number="831"  hits="33" /></lines>
			</method>
			<method name="(anonymous_92)"  hits="1"  signature="()V" >
				<lines><line number="848"  hits="1" /></lines>
			</method>
			<method name="(anonymous_93)"  hits="0"  signature="()V" >
				<lines><line number="849"  hits="0" /></lines>
			</method>
			<method name="(anonymous_94)"  hits="102"  signature="()V" >
				<lines><line number="851"  hits="102" /></lines>
			</method>
			<method name="(anonymous_95)"  hits="102"  signature="()V" >
				<lines><line number="854"  hits="102" /></lines>
			</method>
			<method name="BaseObject"  hits="59"  signature="()V" >
				<lines><line number="855"  hits="59" /></lines>
			</method>
			<method name="(anonymous_97)"  hits="64"  signature="()V" >
				<lines><line number="857"  hits="64" /></lines>
			</method>
			<method name="(anonymous_98)"  hits="260"  signature="()V" >
				<lines><line number="871"  hits="260" /></lines>
			</method>
			<method name="(anonymous_99)"  hits="1"  signature="()V" >
				<lines><line number="900"  hits="1" /></lines>
			</method>
			<method name="(anonymous_100)"  hits="6"  signature="()V" >
				<lines><line number="901"  hits="6" /></lines>
			</method>
			<method name="(anonymous_101)"  hits="0"  signature="()V" >
				<lines><line number="903"  hits="0" /></lines>
			</method>
			<method name="(anonymous_102)"  hits="1"  signature="()V" >
				<lines><line number="908"  hits="1" /></lines>
			</method>
			<method name="(anonymous_103)"  hits="79"  signature="()V" >
				<lines><line number="910"  hits="79" /></lines>
			</method>
			<method name="(anonymous_104)"  hits="56"  signature="()V" >
				<lines><line number="913"  hits="56" /></lines>
			</method>
			<method name="(anonymous_105)"  hits="0"  signature="()V" >
				<lines><line number="914"  hits="0" /></lines>
			</method>
			<method name="(anonymous_106)"  hits="42"  signature="()V" >
				<lines><line number="919"  hits="42" /></lines>
			</method>
			<method name="(anonymous_107)"  hits="24"  signature="()V" >
				<lines><line number="924"  hits="24" /></lines>
			</method>
			<method name="(anonymous_108)"  hits="24"  signature="()V" >
				<lines><line number="927"  hits="24" /></lines>
			</method>
			<method name="(anonymous_109)"  hits="1"  signature="()V" >
				<lines><line number="937"  hits="1" /></lines>
			</method>
			<method name="(anonymous_110)"  hits="86"  signature="()V" >
				<lines><line number="939"  hits="86" /></lines>
			</method>
			<method name="(anonymous_111)"  hits="119"  signature="()V" >
				<lines><line number="941"  hits="119" /></lines>
			</method>
			<method name="(anonymous_112)"  hits="88"  signature="()V" >
				<lines><line number="944"  hits="88" /></lines>
			</method>
			<method name="(anonymous_113)"  hits="88"  signature="()V" >
				<lines><line number="953"  hits="88" /></lines>
			</method>
			<method name="(anonymous_114)"  hits="116"  signature="()V" >
				<lines><line number="957"  hits="116" /></lines>
			</method>
			<method name="(anonymous_115)"  hits="13"  signature="()V" >
				<lines><line number="963"  hits="13" /></lines>
			</method>
			<method name="(anonymous_116)"  hits="0"  signature="()V" >
				<lines><line number="965"  hits="0" /></lines>
			</method>
			<method name="(anonymous_117)"  hits="8"  signature="()V" >
				<lines><line number="973"  hits="8" /></lines>
			</method>
			<method name="(anonymous_118)"  hits="1"  signature="()V" >
				<lines><line number="990"  hits="1" /></lines>
			</method>
			<method name="(anonymous_119)"  hits="40"  signature="()V" >
				<lines><line number="992"  hits="40" /></lines>
			</method>
			<method name="(anonymous_120)"  hits="0"  signature="()V" >
				<lines><line number="994"  hits="0" /></lines>
			</method>
			<method name="(anonymous_121)"  hits="1"  signature="()V" >
				<lines><line number="1019"  hits="1" /></lines>
			</method>
			<method name="(anonymous_122)"  hits="168"  signature="()V" >
				<lines><line number="1021"  hits="168" /></lines>
			</method>
			<method name="(anonymous_123)"  hits="108"  signature="()V" >
				<lines><line number="1023"  hits="108" /></lines>
			</method>
			<method name="(anonymous_124)"  hits="60"  signature="()V" >
				<lines><line number="1026"  hits="60" /></lines>
			</method>
			<method name="(anonymous_125)"  hits="14"  signature="()V" >
				<lines><line number="1029"  hits="14" /></lines>
			</method>
			<method name="(anonymous_126)"  hits="8"  signature="()V" >
				<lines><line number="1038"  hits="8" /></lines>
			</method>
			<method name="(anonymous_127)"  hits="104"  signature="()V" >
				<lines><line number="1047"  hits="104" /></lines>
			</method>
			<method name="(anonymous_128)"  hits="124"  signature="()V" >
				<lines><line number="1059"  hits="124" /></lines>
			</method>
			<method name="(anonymous_129)"  hits="0"  signature="()V" >
				<lines><line number="1078"  hits="0" /></lines>
			</method>
			<method name="(anonymous_130)"  hits="7"  signature="()V" >
				<lines><line number="1094"  hits="7" /></lines>
			</method>
			<method name="(anonymous_131)"  hits="7"  signature="()V" >
				<lines><line number="1106"  hits="7" /></lines>
			</method>
			<method name="(anonymous_132)"  hits="7"  signature="()V" >
				<lines><line number="1135"  hits="7" /></lines>
			</method>
			<method name="(anonymous_133)"  hits="33"  signature="()V" >
				<lines><line number="1153"  hits="33" /></lines>
			</method>
			<method name="(anonymous_134)"  hits="15"  signature="()V" >
				<lines><line number="1157"  hits="15" /></lines>
			</method>
			<method name="(anonymous_135)"  hits="7"  signature="()V" >
				<lines><line number="1162"  hits="7" /></lines>
			</method>
			<method name="(anonymous_136)"  hits="13"  signature="()V" >
				<lines><line number="1165"  hits="13" /></lines>
			</method>
			<method name="(anonymous_137)"  hits="0"  signature="()V" >
				<lines><line number="1193"  hits="0" /></lines>
			</method>
			<method name="(anonymous_138)"  hits="10"  signature="()V" >
				<lines><line number="1221"  hits="10" /></lines>
			</method>
			<method name="(anonymous_139)"  hits="0"  signature="()V" >
				<lines><line number="1245"  hits="0" /></lines>
			</method>
			<method name="(anonymous_140)"  hits="12"  signature="()V" >
				<lines><line number="1262"  hits="12" /></lines>
			</method>
			<method name="(anonymous_141)"  hits="17"  signature="()V" >
				<lines><line number="1268"  hits="17" /></lines>
			</method>
			<method name="(anonymous_142)"  hits="0"  signature="()V" >
				<lines><line number="1275"  hits="0" /></lines>
			</method>
			<method name="(anonymous_143)"  hits="0"  signature="()V" >
				<lines><line number="1281"  hits="0" /></lines>
			</method>
			<method name="(anonymous_144)"  hits="0"  signature="()V" >
				<lines><line number="1286"  hits="0" /></lines>
			</method>
			<method name="(anonymous_145)"  hits="1"  signature="()V" >
				<lines><line number="1294"  hits="1" /></lines>
			</method>
			<method name="(anonymous_146)"  hits="37"  signature="()V" >
				<lines><line number="1296"  hits="37" /></lines>
			</method>
			<method name="(anonymous_147)"  hits="0"  signature="()V" >
				<lines><line number="1300"  hits="0" /></lines>
			</method>
			<method name="(anonymous_148)"  hits="0"  signature="()V" >
				<lines><line number="1303"  hits="0" /></lines>
			</method>
			<method name="(anonymous_149)"  hits="0"  signature="()V" >
				<lines><line number="1304"  hits="0" /></lines>
			</method>
			<method name="(anonymous_150)"  hits="46"  signature="()V" >
				<lines><line number="1317"  hits="46" /></lines>
			</method>
			<method name="(anonymous_151)"  hits="0"  signature="()V" >
				<lines><line number="1328"  hits="0" /></lines>
			</method>
			<method name="(anonymous_152)"  hits="0"  signature="()V" >
				<lines><line number="1331"  hits="0" /></lines>
			</method>
			<method name="(anonymous_153)"  hits="0"  signature="()V" >
				<lines><line number="1343"  hits="0" /></lines>
			</method>
			<method name="(anonymous_154)"  hits="0"  signature="()V" >
				<lines><line number="1347"  hits="0" /></lines>
			</method>
			<method name="(anonymous_155)"  hits="1"  signature="()V" >
				<lines><line number="1360"  hits="1" /></lines>
			</method>
			<method name="(anonymous_156)"  hits="1"  signature="()V" >
				<lines><line number="1361"  hits="1" /></lines>
			</method>
			<method name="ctor"  hits="1"  signature="()V" >
				<lines><line number="1361"  hits="1" /></lines>
			</method>
			<method name="(anonymous_158)"  hits="1"  signature="()V" >
				<lines><line number="1365"  hits="1" /></lines>
			</method>
			<method name="(anonymous_159)"  hits="1"  signature="()V" >
				<lines><line number="1367"  hits="1" /></lines>
			</method>
			<method name="Linked"  hits="1"  signature="()V" >
				<lines><line number="1370"  hits="1" /></lines>
			</method>
			<method name="(anonymous_161)"  hits="1"  signature="()V" >
				<lines><line number="1385"  hits="1" /></lines>
			</method>
			<method name="(anonymous_162)"  hits="189"  signature="()V" >
				<lines><line number="1387"  hits="189" /></lines>
			</method>
			<method name="(anonymous_163)"  hits="1"  signature="()V" >
				<lines><line number="1393"  hits="1" /></lines>
			</method>
			<method name="(anonymous_164)"  hits="531"  signature="()V" >
				<lines><line number="1394"  hits="531" /></lines>
			</method>
			<method name="(anonymous_165)"  hits="186"  signature="()V" >
				<lines><line number="1394"  hits="186" /></lines>
			</method>
			<method name="(anonymous_166)"  hits="64"  signature="()V" >
				<lines><line number="1395"  hits="64" /></lines>
			</method>
			<method name="ctor"  hits="64"  signature="()V" >
				<lines><line number="1395"  hits="64" /></lines>
			</method>
			<method name="(anonymous_168)"  hits="64"  signature="()V" >
				<lines><line number="1399"  hits="64" /></lines>
			</method>
			<method name="(anonymous_169)"  hits="64"  signature="()V" >
				<lines><line number="1401"  hits="64" /></lines>
			</method>
			<method name="ModelKey"  hits="59"  signature="()V" >
				<lines><line number="1404"  hits="59" /></lines>
			</method>
			<method name="(anonymous_171)"  hits="14"  signature="()V" >
				<lines><line number="1422"  hits="14" /></lines>
			</method>
			<method name="(anonymous_172)"  hits="8"  signature="()V" >
				<lines><line number="1436"  hits="8" /></lines>
			</method>
			<method name="(anonymous_173)"  hits="4"  signature="()V" >
				<lines><line number="1451"  hits="4" /></lines>
			</method>
			<method name="(anonymous_174)"  hits="14"  signature="()V" >
				<lines><line number="1452"  hits="14" /></lines>
			</method>
			<method name="(anonymous_175)"  hits="20"  signature="()V" >
				<lines><line number="1459"  hits="20" /></lines>
			</method>
			<method name="(anonymous_176)"  hits="0"  signature="()V" >
				<lines><line number="1463"  hits="0" /></lines>
			</method>
			<method name="(anonymous_177)"  hits="0"  signature="()V" >
				<lines><line number="1470"  hits="0" /></lines>
			</method>
			<method name="(anonymous_178)"  hits="130"  signature="()V" >
				<lines><line number="1480"  hits="130" /></lines>
			</method>
			<method name="(anonymous_179)"  hits="1"  signature="()V" >
				<lines><line number="1492"  hits="1" /></lines>
			</method>
			<method name="(anonymous_180)"  hits="406"  signature="()V" >
				<lines><line number="1518"  hits="406" /></lines>
			</method>
			<method name="(anonymous_181)"  hits="406"  signature="()V" >
				<lines><line number="1523"  hits="406" /></lines>
			</method>
			<method name="(anonymous_182)"  hits="0"  signature="()V" >
				<lines><line number="1557"  hits="0" /></lines>
			</method>
			<method name="(anonymous_183)"  hits="2"  signature="()V" >
				<lines><line number="1572"  hits="2" /></lines>
			</method>
			<method name="(anonymous_184)"  hits="0"  signature="()V" >
				<lines><line number="1574"  hits="0" /></lines>
			</method>
			<method name="(anonymous_185)"  hits="2"  signature="()V" >
				<lines><line number="1586"  hits="2" /></lines>
			</method>
			<method name="(anonymous_186)"  hits="21"  signature="()V" >
				<lines><line number="1594"  hits="21" /></lines>
			</method>
			<method name="(anonymous_187)"  hits="1"  signature="()V" >
				<lines><line number="1619"  hits="1" /></lines>
			</method>
			<method name="(anonymous_188)"  hits="23"  signature="()V" >
				<lines><line number="1621"  hits="23" /></lines>
			</method>
			<method name="(anonymous_189)"  hits="19"  signature="()V" >
				<lines><line number="1623"  hits="19" /></lines>
			</method>
			<method name="(anonymous_190)"  hits="11"  signature="()V" >
				<lines><line number="1625"  hits="11" /></lines>
			</method>
			<method name="(anonymous_191)"  hits="11"  signature="()V" >
				<lines><line number="1626"  hits="11" /></lines>
			</method>
			<method name="(anonymous_192)"  hits="2"  signature="()V" >
				<lines><line number="1634"  hits="2" /></lines>
			</method>
			<method name="(anonymous_193)"  hits="4"  signature="()V" >
				<lines><line number="1640"  hits="4" /></lines>
			</method>
			<method name="(anonymous_194)"  hits="4"  signature="()V" >
				<lines><line number="1660"  hits="4" /></lines>
			</method>
			<method name="(anonymous_195)"  hits="1"  signature="()V" >
				<lines><line number="1686"  hits="1" /></lines>
			</method>
			<method name="(anonymous_196)"  hits="89"  signature="()V" >
				<lines><line number="1688"  hits="89" /></lines>
			</method>
			<method name="(anonymous_197)"  hits="89"  signature="()V" >
				<lines><line number="1701"  hits="89" /></lines>
			</method>
			<method name="(anonymous_198)"  hits="1"  signature="()V" >
				<lines><line number="1709"  hits="1" /></lines>
			</method>
			<method name="(anonymous_199)"  hits="0"  signature="()V" >
				<lines><line number="1717"  hits="0" /></lines>
			</method>
			<method name="(anonymous_200)"  hits="21"  signature="()V" >
				<lines><line number="1725"  hits="21" /></lines>
			</method>
			<method name="(anonymous_201)"  hits="8"  signature="()V" >
				<lines><line number="1728"  hits="8" /></lines>
			</method>
			<method name="(anonymous_202)"  hits="0"  signature="()V" >
				<lines><line number="1733"  hits="0" /></lines>
			</method>
			<method name="(anonymous_203)"  hits="1"  signature="()V" >
				<lines><line number="1733"  hits="1" /></lines>
			</method>
			<method name="(anonymous_204)"  hits="4"  signature="()V" >
				<lines><line number="1737"  hits="4" /></lines>
			</method>
			<method name="(anonymous_205)"  hits="1"  signature="()V" >
				<lines><line number="1739"  hits="1" /></lines>
			</method>
			<method name="(anonymous_206)"  hits="1"  signature="()V" >
				<lines><line number="1742"  hits="1" /></lines>
			</method>
			<method name="(anonymous_207)"  hits="1"  signature="()V" >
				<lines><line number="1748"  hits="1" /></lines>
			</method>
			<method name="(anonymous_208)"  hits="22"  signature="()V" >
				<lines><line number="1762"  hits="22" /></lines>
			</method>
			<method name="(anonymous_209)"  hits="54"  signature="()V" >
				<lines><line number="1768"  hits="54" /></lines>
			</method>
			<method name="(anonymous_210)"  hits="12"  signature="()V" >
				<lines><line number="1771"  hits="12" /></lines>
			</method>
			<method name="(anonymous_211)"  hits="2"  signature="()V" >
				<lines><line number="1777"  hits="2" /></lines>
			</method>
			<method name="(anonymous_212)"  hits="2"  signature="()V" >
				<lines><line number="1784"  hits="2" /></lines>
			</method>
			<method name="(anonymous_213)"  hits="1"  signature="()V" >
				<lines><line number="1806"  hits="1" /></lines>
			</method>
			<method name="(anonymous_214)"  hits="891"  signature="()V" >
				<lines><line number="1807"  hits="891" /></lines>
			</method>
			<method name="(anonymous_215)"  hits="262"  signature="()V" >
				<lines><line number="1807"  hits="262" /></lines>
			</method>
			<method name="(anonymous_216)"  hits="127"  signature="()V" >
				<lines><line number="1809"  hits="127" /></lines>
			</method>
			<method name="(anonymous_217)"  hits="127"  signature="()V" >
				<lines><line number="1815"  hits="127" /></lines>
			</method>
			<method name="PropMap"  hits="99"  signature="()V" >
				<lines><line number="1816"  hits="99" /></lines>
			</method>
			<method name="(anonymous_219)"  hits="119"  signature="()V" >
				<lines><line number="1834"  hits="119" /></lines>
			</method>
			<method name="(anonymous_220)"  hits="64"  signature="()V" >
				<lines><line number="1838"  hits="64" /></lines>
			</method>
			<method name="(anonymous_221)"  hits="60"  signature="()V" >
				<lines><line number="1843"  hits="60" /></lines>
			</method>
			<method name="(anonymous_222)"  hits="4"  signature="()V" >
				<lines><line number="1851"  hits="4" /></lines>
			</method>
			<method name="(anonymous_223)"  hits="9"  signature="()V" >
				<lines><line number="1866"  hits="9" /></lines>
			</method>
			<method name="(anonymous_224)"  hits="16"  signature="()V" >
				<lines><line number="1876"  hits="16" /></lines>
			</method>
			<method name="(anonymous_225)"  hits="8"  signature="()V" >
				<lines><line number="1887"  hits="8" /></lines>
			</method>
			<method name="(anonymous_226)"  hits="1"  signature="()V" >
				<lines><line number="1891"  hits="1" /></lines>
			</method>
			<method name="(anonymous_227)"  hits="6"  signature="()V" >
				<lines><line number="1895"  hits="6" /></lines>
			</method>
			<method name="(anonymous_228)"  hits="0"  signature="()V" >
				<lines><line number="1902"  hits="0" /></lines>
			</method>
			<method name="(anonymous_229)"  hits="0"  signature="()V" >
				<lines><line number="1903"  hits="0" /></lines>
			</method>
			<method name="(anonymous_230)"  hits="0"  signature="()V" >
				<lines><line number="1904"  hits="0" /></lines>
			</method>
			<method name="(anonymous_231)"  hits="0"  signature="()V" >
				<lines><line number="1910"  hits="0" /></lines>
			</method>
			<method name="(anonymous_232)"  hits="19"  signature="()V" >
				<lines><line number="1914"  hits="19" /></lines>
			</method>
			<method name="(anonymous_233)"  hits="25"  signature="()V" >
				<lines><line number="1915"  hits="25" /></lines>
			</method>
			<method name="(anonymous_234)"  hits="4"  signature="()V" >
				<lines><line number="1920"  hits="4" /></lines>
			</method>
			<method name="(anonymous_235)"  hits="8"  signature="()V" >
				<lines><line number="1921"  hits="8" /></lines>
			</method>
			<method name="(anonymous_236)"  hits="1"  signature="()V" >
				<lines><line number="1932"  hits="1" /></lines>
			</method>
			<method name="(anonymous_237)"  hits="39"  signature="()V" >
				<lines><line number="1934"  hits="39" /></lines>
			</method>
			<method name="(anonymous_238)"  hits="5"  signature="()V" >
				<lines><line number="1936"  hits="5" /></lines>
			</method>
			<method name="(anonymous_239)"  hits="4"  signature="()V" >
				<lines><line number="1937"  hits="4" /></lines>
			</method>
			<method name="(anonymous_240)"  hits="1"  signature="()V" >
				<lines><line number="1952"  hits="1" /></lines>
			</method>
			<method name="(anonymous_241)"  hits="120"  signature="()V" >
				<lines><line number="1953"  hits="120" /></lines>
			</method>
			<method name="(anonymous_242)"  hits="10"  signature="()V" >
				<lines><line number="1953"  hits="10" /></lines>
			</method>
			<method name="(anonymous_243)"  hits="19"  signature="()V" >
				<lines><line number="1956"  hits="19" /></lines>
			</method>
			<method name="(anonymous_244)"  hits="19"  signature="()V" >
				<lines><line number="1958"  hits="19" /></lines>
			</method>
			<method name="ClustererMarkerManager"  hits="10"  signature="()V" >
				<lines><line number="1961"  hits="10" /></lines>
			</method>
			<method name="(anonymous_246)"  hits="0"  signature="()V" >
				<lines><line number="1988"  hits="0" /></lines>
			</method>
			<method name="(anonymous_247)"  hits="0"  signature="()V" >
				<lines><line number="1996"  hits="0" /></lines>
			</method>
			<method name="(anonymous_248)"  hits="0"  signature="()V" >
				<lines><line number="2003"  hits="0" /></lines>
			</method>
			<method name="(anonymous_249)"  hits="0"  signature="()V" >
				<lines><line number="2008"  hits="0" /></lines>
			</method>
			<method name="(anonymous_250)"  hits="0"  signature="()V" >
				<lines><line number="2009"  hits="0" /></lines>
			</method>
			<method name="(anonymous_251)"  hits="0"  signature="()V" >
				<lines><line number="2010"  hits="0" /></lines>
			</method>
			<method name="(anonymous_252)"  hits="0"  signature="()V" >
				<lines><line number="2016"  hits="0" /></lines>
			</method>
			<method name="(anonymous_253)"  hits="0"  signature="()V" >
				<lines><line number="2027"  hits="0" /></lines>
			</method>
			<method name="(anonymous_254)"  hits="0"  signature="()V" >
				<lines><line number="2028"  hits="0" /></lines>
			</method>
			<method name="(anonymous_255)"  hits="0"  signature="()V" >
				<lines><line number="2029"  hits="0" /></lines>
			</method>
			<method name="(anonymous_256)"  hits="0"  signature="()V" >
				<lines><line number="2035"  hits="0" /></lines>
			</method>
			<method name="(anonymous_257)"  hits="0"  signature="()V" >
				<lines><line number="2039"  hits="0" /></lines>
			</method>
			<method name="(anonymous_258)"  hits="10"  signature="()V" >
				<lines><line number="2044"  hits="10" /></lines>
			</method>
			<method name="(anonymous_259)"  hits="0"  signature="()V" >
				<lines><line number="2062"  hits="0" /></lines>
			</method>
			<method name="(anonymous_260)"  hits="0"  signature="()V" >
				<lines><line number="2067"  hits="0" /></lines>
			</method>
			<method name="(anonymous_261)"  hits="0"  signature="()V" >
				<lines><line number="2072"  hits="0" /></lines>
			</method>
			<method name="(anonymous_262)"  hits="0"  signature="()V" >
				<lines><line number="2076"  hits="0" /></lines>
			</method>
			<method name="(anonymous_263)"  hits="0"  signature="()V" >
				<lines><line number="2080"  hits="0" /></lines>
			</method>
			<method name="(anonymous_264)"  hits="1"  signature="()V" >
				<lines><line number="2090"  hits="1" /></lines>
			</method>
			<method name="(anonymous_265)"  hits="37"  signature="()V" >
				<lines><line number="2092"  hits="37" /></lines>
			</method>
			<method name="(anonymous_266)"  hits="0"  signature="()V" >
				<lines><line number="2097"  hits="0" /></lines>
			</method>
			<method name="(anonymous_267)"  hits="0"  signature="()V" >
				<lines><line number="2111"  hits="0" /></lines>
			</method>
			<method name="(anonymous_268)"  hits="1"  signature="()V" >
				<lines><line number="2125"  hits="1" /></lines>
			</method>
			<method name="(anonymous_269)"  hits="286"  signature="()V" >
				<lines><line number="2126"  hits="286" /></lines>
			</method>
			<method name="(anonymous_270)"  hits="87"  signature="()V" >
				<lines><line number="2126"  hits="87" /></lines>
			</method>
			<method name="(anonymous_271)"  hits="37"  signature="()V" >
				<lines><line number="2129"  hits="37" /></lines>
			</method>
			<method name="(anonymous_272)"  hits="37"  signature="()V" >
				<lines><line number="2131"  hits="37" /></lines>
			</method>
			<method name="MarkerManager"  hits="26"  signature="()V" >
				<lines><line number="2134"  hits="26" /></lines>
			</method>
			<method name="(anonymous_274)"  hits="34"  signature="()V" >
				<lines><line number="2153"  hits="34" /></lines>
			</method>
			<method name="(anonymous_275)"  hits="0"  signature="()V" >
				<lines><line number="2170"  hits="0" /></lines>
			</method>
			<method name="(anonymous_276)"  hits="0"  signature="()V" >
				<lines><line number="2178"  hits="0" /></lines>
			</method>
			<method name="(anonymous_277)"  hits="0"  signature="()V" >
				<lines><line number="2179"  hits="0" /></lines>
			</method>
			<method name="(anonymous_278)"  hits="0"  signature="()V" >
				<lines><line number="2180"  hits="0" /></lines>
			</method>
			<method name="(anonymous_279)"  hits="2"  signature="()V" >
				<lines><line number="2186"  hits="2" /></lines>
			</method>
			<method name="(anonymous_280)"  hits="0"  signature="()V" >
				<lines><line number="2196"  hits="0" /></lines>
			</method>
			<method name="(anonymous_281)"  hits="0"  signature="()V" >
				<lines><line number="2197"  hits="0" /></lines>
			</method>
			<method name="(anonymous_282)"  hits="0"  signature="()V" >
				<lines><line number="2198"  hits="0" /></lines>
			</method>
			<method name="(anonymous_283)"  hits="18"  signature="()V" >
				<lines><line number="2204"  hits="18" /></lines>
			</method>
			<method name="(anonymous_284)"  hits="18"  signature="()V" >
				<lines><line number="2207"  hits="18" /></lines>
			</method>
			<method name="(anonymous_285)"  hits="25"  signature="()V" >
				<lines><line number="2208"  hits="25" /></lines>
			</method>
			<method name="(anonymous_286)"  hits="18"  signature="()V" >
				<lines><line number="2219"  hits="18" /></lines>
			</method>
			<method name="(anonymous_287)"  hits="0"  signature="()V" >
				<lines><line number="2220"  hits="0" /></lines>
			</method>
			<method name="(anonymous_288)"  hits="0"  signature="()V" >
				<lines><line number="2227"  hits="0" /></lines>
			</method>
			<method name="(anonymous_289)"  hits="1"  signature="()V" >
				<lines><line number="2231"  hits="1" /></lines>
			</method>
			<method name="(anonymous_290)"  hits="0"  signature="()V" >
				<lines><line number="2232"  hits="0" /></lines>
			</method>
			<method name="(anonymous_291)"  hits="30"  signature="()V" >
				<lines><line number="2239"  hits="30" /></lines>
			</method>
			<method name="(anonymous_292)"  hits="0"  signature="()V" >
				<lines><line number="2253"  hits="0" /></lines>
			</method>
			<method name="(anonymous_293)"  hits="2"  signature="()V" >
				<lines><line number="2257"  hits="2" /></lines>
			</method>
			<method name="(anonymous_294)"  hits="1"  signature="()V" >
				<lines><line number="2269"  hits="1" /></lines>
			</method>
			<method name="(anonymous_295)"  hits="0"  signature="()V" >
				<lines><line number="2270"  hits="0" /></lines>
			</method>
			<method name="(anonymous_296)"  hits="0"  signature="()V" >
				<lines><line number="2270"  hits="0" /></lines>
			</method>
			<method name="(anonymous_297)"  hits="19"  signature="()V" >
				<lines><line number="2273"  hits="19" /></lines>
			</method>
			<method name="(anonymous_298)"  hits="19"  signature="()V" >
				<lines><line number="2275"  hits="19" /></lines>
			</method>
			<method name="SpiderfierMarkerManager"  hits="0"  signature="()V" >
				<lines><line number="2278"  hits="0" /></lines>
			</method>
			<method name="(anonymous_300)"  hits="0"  signature="()V" >
				<lines><line number="2306"  hits="0" /></lines>
			</method>
			<method name="(anonymous_301)"  hits="0"  signature="()V" >
				<lines><line number="2314"  hits="0" /></lines>
			</method>
			<method name="(anonymous_302)"  hits="0"  signature="()V" >
				<lines><line number="2322"  hits="0" /></lines>
			</method>
			<method name="(anonymous_303)"  hits="0"  signature="()V" >
				<lines><line number="2327"  hits="0" /></lines>
			</method>
			<method name="(anonymous_304)"  hits="0"  signature="()V" >
				<lines><line number="2328"  hits="0" /></lines>
			</method>
			<method name="(anonymous_305)"  hits="0"  signature="()V" >
				<lines><line number="2329"  hits="0" /></lines>
			</method>
			<method name="(anonymous_306)"  hits="0"  signature="()V" >
				<lines><line number="2335"  hits="0" /></lines>
			</method>
			<method name="(anonymous_307)"  hits="0"  signature="()V" >
				<lines><line number="2347"  hits="0" /></lines>
			</method>
			<method name="(anonymous_308)"  hits="0"  signature="()V" >
				<lines><line number="2348"  hits="0" /></lines>
			</method>
			<method name="(anonymous_309)"  hits="0"  signature="()V" >
				<lines><line number="2349"  hits="0" /></lines>
			</method>
			<method name="(anonymous_310)"  hits="0"  signature="()V" >
				<lines><line number="2355"  hits="0" /></lines>
			</method>
			<method name="(anonymous_311)"  hits="0"  signature="()V" >
				<lines><line number="2357"  hits="0" /></lines>
			</method>
			<method name="(anonymous_312)"  hits="0"  signature="()V" >
				<lines><line number="2361"  hits="0" /></lines>
			</method>
			<method name="(anonymous_313)"  hits="0"  signature="()V" >
				<lines><line number="2363"  hits="0" /></lines>
			</method>
			<method name="(anonymous_314)"  hits="0"  signature="()V" >
				<lines><line number="2364"  hits="0" /></lines>
			</method>
			<method name="(anonymous_315)"  hits="0"  signature="()V" >
				<lines><line number="2367"  hits="0" /></lines>
			</method>
			<method name="(anonymous_316)"  hits="0"  signature="()V" >
				<lines><line number="2380"  hits="0" /></lines>
			</method>
			<method name="(anonymous_317)"  hits="0"  signature="()V" >
				<lines><line number="2393"  hits="0" /></lines>
			</method>
			<method name="(anonymous_318)"  hits="0"  signature="()V" >
				<lines><line number="2398"  hits="0" /></lines>
			</method>
			<method name="(anonymous_319)"  hits="0"  signature="()V" >
				<lines><line number="2402"  hits="0" /></lines>
			</method>
			<method name="(anonymous_320)"  hits="0"  signature="()V" >
				<lines><line number="2406"  hits="0" /></lines>
			</method>
			<method name="(anonymous_321)"  hits="0"  signature="()V" >
				<lines><line number="2407"  hits="0" /></lines>
			</method>
			<method name="(anonymous_322)"  hits="0"  signature="()V" >
				<lines><line number="2412"  hits="0" /></lines>
			</method>
			<method name="(anonymous_323)"  hits="1"  signature="()V" >
				<lines><line number="2421"  hits="1" /></lines>
			</method>
			<method name="(anonymous_324)"  hits="9"  signature="()V" >
				<lines><line number="2423"  hits="9" /></lines>
			</method>
			<method name="(anonymous_325)"  hits="6"  signature="()V" >
				<lines><line number="2425"  hits="6" /></lines>
			</method>
			<method name="(anonymous_326)"  hits="0"  signature="()V" >
				<lines><line number="2426"  hits="0" /></lines>
			</method>
			<method name="(anonymous_327)"  hits="0"  signature="()V" >
				<lines><line number="2428"  hits="0" /></lines>
			</method>
			<method name="(anonymous_328)"  hits="2"  signature="()V" >
				<lines><line number="2431"  hits="2" /></lines>
			</method>
			<method name="(anonymous_329)"  hits="6"  signature="()V" >
				<lines><line number="2437"  hits="6" /></lines>
			</method>
			<method name="(anonymous_330)"  hits="0"  signature="()V" >
				<lines><line number="2440"  hits="0" /></lines>
			</method>
			<method name="(anonymous_331)"  hits="0"  signature="()V" >
				<lines><line number="2441"  hits="0" /></lines>
			</method>
			<method name="(anonymous_332)"  hits="1"  signature="()V" >
				<lines><line number="2452"  hits="1" /></lines>
			</method>
			<method name="(anonymous_333)"  hits="9"  signature="()V" >
				<lines><line number="2454"  hits="9" /></lines>
			</method>
			<method name="(anonymous_334)"  hits="6"  signature="()V" >
				<lines><line number="2455"  hits="6" /></lines>
			</method>
			<method name="(anonymous_335)"  hits="0"  signature="()V" >
				<lines><line number="2461"  hits="0" /></lines>
			</method>
			<method name="(anonymous_336)"  hits="0"  signature="()V" >
				<lines><line number="2477"  hits="0" /></lines>
			</method>
			<method name="(anonymous_337)"  hits="0"  signature="()V" >
				<lines><line number="2495"  hits="0" /></lines>
			</method>
			<method name="(anonymous_338)"  hits="0"  signature="()V" >
				<lines><line number="2509"  hits="0" /></lines>
			</method>
			<method name="(anonymous_339)"  hits="0"  signature="()V" >
				<lines><line number="2521"  hits="0" /></lines>
			</method>
			<method name="(anonymous_340)"  hits="0"  signature="()V" >
				<lines><line number="2535"  hits="0" /></lines>
			</method>
			<method name="(anonymous_341)"  hits="2"  signature="()V" >
				<lines><line number="2544"  hits="2" /></lines>
			</method>
			<method name="(anonymous_342)"  hits="0"  signature="()V" >
				<lines><line number="2592"  hits="0" /></lines>
			</method>
			<method name="(anonymous_343)"  hits="0"  signature="()V" >
				<lines><line number="2643"  hits="0" /></lines>
			</method>
			<method name="(anonymous_344)"  hits="1"  signature="()V" >
				<lines><line number="2658"  hits="1" /></lines>
			</method>
			<method name="(anonymous_345)"  hits="7"  signature="()V" >
				<lines><line number="2660"  hits="7" /></lines>
			</method>
			<method name="(anonymous_346)"  hits="0"  signature="()V" >
				<lines><line number="2662"  hits="0" /></lines>
			</method>
			<method name="(anonymous_347)"  hits="0"  signature="()V" >
				<lines><line number="2665"  hits="0" /></lines>
			</method>
			<method name="(anonymous_348)"  hits="1"  signature="()V" >
				<lines><line number="2675"  hits="1" /></lines>
			</method>
			<method name="(anonymous_349)"  hits="0"  signature="()V" >
				<lines><line number="2676"  hits="0" /></lines>
			</method>
			<method name="(anonymous_350)"  hits="0"  signature="()V" >
				<lines><line number="2680"  hits="0" /></lines>
			</method>
			<method name="(anonymous_351)"  hits="0"  signature="()V" >
				<lines><line number="2681"  hits="0" /></lines>
			</method>
			<method name="(anonymous_352)"  hits="0"  signature="()V" >
				<lines><line number="2682"  hits="0" /></lines>
			</method>
			<method name="(anonymous_353)"  hits="0"  signature="()V" >
				<lines><line number="2691"  hits="0" /></lines>
			</method>
			<method name="(anonymous_354)"  hits="0"  signature="()V" >
				<lines><line number="2692"  hits="0" /></lines>
			</method>
			<method name="(anonymous_355)"  hits="0"  signature="()V" >
				<lines><line number="2693"  hits="0" /></lines>
			</method>
			<method name="(anonymous_356)"  hits="0"  signature="()V" >
				<lines><line number="2705"  hits="0" /></lines>
			</method>
			<method name="(anonymous_357)"  hits="0"  signature="()V" >
				<lines><line number="2706"  hits="0" /></lines>
			</method>
			<method name="(anonymous_358)"  hits="1"  signature="()V" >
				<lines><line number="2715"  hits="1" /></lines>
			</method>
			<method name="(anonymous_359)"  hits="0"  signature="()V" >
				<lines><line number="2716"  hits="0" /></lines>
			</method>
			<method name="(anonymous_360)"  hits="0"  signature="()V" >
				<lines><line number="2716"  hits="0" /></lines>
			</method>
			<method name="(anonymous_361)"  hits="18"  signature="()V" >
				<lines><line number="2717"  hits="18" /></lines>
			</method>
			<method name="ctor"  hits="18"  signature="()V" >
				<lines><line number="2717"  hits="18" /></lines>
			</method>
			<method name="(anonymous_363)"  hits="18"  signature="()V" >
				<lines><line number="2721"  hits="18" /></lines>
			</method>
			<method name="(anonymous_364)"  hits="18"  signature="()V" >
				<lines><line number="2723"  hits="18" /></lines>
			</method>
			<method name="CommonOptionsBuilder"  hits="0"  signature="()V" >
				<lines><line number="2726"  hits="0" /></lines>
			</method>
			<method name="(anonymous_366)"  hits="44"  signature="()V" >
				<lines><line number="2739"  hits="44" /></lines>
			</method>
			<method name="(anonymous_367)"  hits="23"  signature="()V" >
				<lines><line number="2747"  hits="23" /></lines>
			</method>
			<method name="(anonymous_368)"  hits="23"  signature="()V" >
				<lines><line number="2780"  hits="23" /></lines>
			</method>
			<method name="(anonymous_369)"  hits="190"  signature="()V" >
				<lines><line number="2781"  hits="190" /></lines>
			</method>
			<method name="(anonymous_370)"  hits="16"  signature="()V" >
				<lines><line number="2797"  hits="16" /></lines>
			</method>
			<method name="(anonymous_371)"  hits="16"  signature="()V" >
				<lines><line number="2801"  hits="16" /></lines>
			</method>
			<method name="(anonymous_372)"  hits="144"  signature="()V" >
				<lines><line number="2802"  hits="144" /></lines>
			</method>
			<method name="(anonymous_373)"  hits="1"  signature="()V" >
				<lines><line number="2821"  hits="1" /></lines>
			</method>
			<method name="(anonymous_374)"  hits="33"  signature="()V" >
				<lines><line number="2822"  hits="33" /></lines>
			</method>
			<method name="ctor"  hits="33"  signature="()V" >
				<lines><line number="2822"  hits="33" /></lines>
			</method>
			<method name="(anonymous_376)"  hits="3"  signature="()V" >
				<lines><line number="2826"  hits="3" /></lines>
			</method>
			<method name="(anonymous_377)"  hits="3"  signature="()V" >
				<lines><line number="2828"  hits="3" /></lines>
			</method>
			<method name="PolylineOptionsBuilder"  hits="0"  signature="()V" >
				<lines><line number="2831"  hits="0" /></lines>
			</method>
			<method name="(anonymous_379)"  hits="2"  signature="()V" >
				<lines><line number="2835"  hits="2" /></lines>
			</method>
			<method name="(anonymous_380)"  hits="15"  signature="()V" >
				<lines><line number="2848"  hits="15" /></lines>
			</method>
			<method name="(anonymous_381)"  hits="15"  signature="()V" >
				<lines><line number="2850"  hits="15" /></lines>
			</method>
			<method name="ShapeOptionsBuilder"  hits="0"  signature="()V" >
				<lines><line number="2853"  hits="0" /></lines>
			</method>
			<method name="(anonymous_383)"  hits="21"  signature="()V" >
				<lines><line number="2857"  hits="21" /></lines>
			</method>
			<method name="(anonymous_384)"  hits="6"  signature="()V" >
				<lines><line number="2873"  hits="6" /></lines>
			</method>
			<method name="(anonymous_385)"  hits="6"  signature="()V" >
				<lines><line number="2875"  hits="6" /></lines>
			</method>
			<method name="PolygonOptionsBuilder"  hits="0"  signature="()V" >
				<lines><line number="2878"  hits="0" /></lines>
			</method>
			<method name="(anonymous_387)"  hits="4"  signature="()V" >
				<lines><line number="2882"  hits="4" /></lines>
			</method>
			<method name="(anonymous_388)"  hits="0"  signature="()V" >
				<lines><line number="2895"  hits="0" /></lines>
			</method>
			<method name="(anonymous_389)"  hits="0"  signature="()V" >
				<lines><line number="2897"  hits="0" /></lines>
			</method>
			<method name="RectangleOptionsBuilder"  hits="0"  signature="()V" >
				<lines><line number="2900"  hits="0" /></lines>
			</method>
			<method name="(anonymous_391)"  hits="0"  signature="()V" >
				<lines><line number="2904"  hits="0" /></lines>
			</method>
			<method name="(anonymous_392)"  hits="9"  signature="()V" >
				<lines><line number="2915"  hits="9" /></lines>
			</method>
			<method name="(anonymous_393)"  hits="9"  signature="()V" >
				<lines><line number="2917"  hits="9" /></lines>
			</method>
			<method name="CircleOptionsBuilder"  hits="0"  signature="()V" >
				<lines><line number="2920"  hits="0" /></lines>
			</method>
			<method name="(anonymous_395)"  hits="17"  signature="()V" >
				<lines><line number="2924"  hits="17" /></lines>
			</method>
			<method name="(anonymous_396)"  hits="1"  signature="()V" >
				<lines><line number="2938"  hits="1" /></lines>
			</method>
			<method name="(anonymous_397)"  hits="39"  signature="()V" >
				<lines><line number="2940"  hits="39" /></lines>
			</method>
			<method name="(anonymous_398)"  hits="32"  signature="()V" >
				<lines><line number="2942"  hits="32" /></lines>
			</method>
			<method name="(anonymous_399)"  hits="88"  signature="()V" >
				<lines><line number="2961"  hits="88" /></lines>
			</method>
			<method name="(anonymous_400)"  hits="1"  signature="()V" >
				<lines><line number="2972"  hits="1" /></lines>
			</method>
			<method name="(anonymous_401)"  hits="6"  signature="()V" >
				<lines><line number="2973"  hits="6" /></lines>
			</method>
			<method name="(anonymous_402)"  hits="0"  signature="()V" >
				<lines><line number="2973"  hits="0" /></lines>
			</method>
			<method name="(anonymous_403)"  hits="9"  signature="()V" >
				<lines><line number="2974"  hits="9" /></lines>
			</method>
			<method name="ctor"  hits="9"  signature="()V" >
				<lines><line number="2974"  hits="9" /></lines>
			</method>
			<method name="(anonymous_405)"  hits="9"  signature="()V" >
				<lines><line number="2978"  hits="9" /></lines>
			</method>
			<method name="(anonymous_406)"  hits="9"  signature="()V" >
				<lines><line number="2979"  hits="9" /></lines>
			</method>
			<method name="(anonymous_407)"  hits="9"  signature="()V" >
				<lines><line number="2981"  hits="9" /></lines>
			</method>
			<method name="BasePolyChildModel"  hits="6"  signature="()V" >
				<lines><line number="2986"  hits="6" /></lines>
			</method>
			<method name="(anonymous_409)"  hits="6"  signature="()V" >
				<lines><line number="2997"  hits="6" /></lines>
			</method>
			<method name="(anonymous_410)"  hits="0"  signature="()V" >
				<lines><line number="2998"  hits="0" /></lines>
			</method>
			<method name="(anonymous_411)"  hits="0"  signature="()V" >
				<lines><line number="2999"  hits="0" /></lines>
			</method>
			<method name="(anonymous_412)"  hits="6"  signature="()V" >
				<lines><line number="3004"  hits="6" /></lines>
			</method>
			<method name="(anonymous_413)"  hits="0"  signature="()V" >
				<lines><line number="3005"  hits="0" /></lines>
			</method>
			<method name="(anonymous_414)"  hits="6"  signature="()V" >
				<lines><line number="3010"  hits="6" /></lines>
			</method>
			<method name="(anonymous_415)"  hits="6"  signature="()V" >
				<lines><line number="3011"  hits="6" /></lines>
			</method>
			<method name="(anonymous_416)"  hits="0"  signature="()V" >
				<lines><line number="3027"  hits="0" /></lines>
			</method>
			<method name="(anonymous_417)"  hits="6"  signature="()V" >
				<lines><line number="3045"  hits="6" /></lines>
			</method>
			<method name="(anonymous_418)"  hits="6"  signature="()V" >
				<lines><line number="3046"  hits="6" /></lines>
			</method>
			<method name="(anonymous_419)"  hits="0"  signature="()V" >
				<lines><line number="3053"  hits="0" /></lines>
			</method>
			<method name="(anonymous_420)"  hits="0"  signature="()V" >
				<lines><line number="3054"  hits="0" /></lines>
			</method>
			<method name="(anonymous_421)"  hits="4"  signature="()V" >
				<lines><line number="3064"  hits="4" /></lines>
			</method>
			<method name="(anonymous_422)"  hits="4"  signature="()V" >
				<lines><line number="3065"  hits="4" /></lines>
			</method>
			<method name="(anonymous_423)"  hits="4"  signature="()V" >
				<lines><line number="3075"  hits="4" /></lines>
			</method>
			<method name="(anonymous_424)"  hits="4"  signature="()V" >
				<lines><line number="3076"  hits="4" /></lines>
			</method>
			<method name="(anonymous_425)"  hits="4"  signature="()V" >
				<lines><line number="3086"  hits="4" /></lines>
			</method>
			<method name="(anonymous_426)"  hits="4"  signature="()V" >
				<lines><line number="3087"  hits="4" /></lines>
			</method>
			<method name="(anonymous_427)"  hits="4"  signature="()V" >
				<lines><line number="3097"  hits="4" /></lines>
			</method>
			<method name="(anonymous_428)"  hits="4"  signature="()V" >
				<lines><line number="3098"  hits="4" /></lines>
			</method>
			<method name="(anonymous_429)"  hits="4"  signature="()V" >
				<lines><line number="3107"  hits="4" /></lines>
			</method>
			<method name="(anonymous_430)"  hits="4"  signature="()V" >
				<lines><line number="3108"  hits="4" /></lines>
			</method>
			<method name="(anonymous_431)"  hits="0"  signature="()V" >
				<lines><line number="3117"  hits="0" /></lines>
			</method>
			<method name="(anonymous_432)"  hits="0"  signature="()V" >
				<lines><line number="3118"  hits="0" /></lines>
			</method>
			<method name="(anonymous_433)"  hits="0"  signature="()V" >
				<lines><line number="3127"  hits="0" /></lines>
			</method>
			<method name="(anonymous_434)"  hits="0"  signature="()V" >
				<lines><line number="3128"  hits="0" /></lines>
			</method>
			<method name="(anonymous_435)"  hits="6"  signature="()V" >
				<lines><line number="3136"  hits="6" /></lines>
			</method>
			<method name="(anonymous_436)"  hits="0"  signature="()V" >
				<lines><line number="3137"  hits="0" /></lines>
			</method>
			<method name="(anonymous_437)"  hits="4"  signature="()V" >
				<lines><line number="3143"  hits="4" /></lines>
			</method>
			<method name="(anonymous_438)"  hits="4"  signature="()V" >
				<lines><line number="3144"  hits="4" /></lines>
			</method>
			<method name="(anonymous_439)"  hits="4"  signature="()V" >
				<lines><line number="3152"  hits="4" /></lines>
			</method>
			<method name="(anonymous_440)"  hits="4"  signature="()V" >
				<lines><line number="3153"  hits="4" /></lines>
			</method>
			<method name="(anonymous_441)"  hits="0"  signature="()V" >
				<lines><line number="3161"  hits="0" /></lines>
			</method>
			<method name="(anonymous_442)"  hits="0"  signature="()V" >
				<lines><line number="3162"  hits="0" /></lines>
			</method>
			<method name="(anonymous_443)"  hits="0"  signature="()V" >
				<lines><line number="3171"  hits="0" /></lines>
			</method>
			<method name="(anonymous_444)"  hits="1"  signature="()V" >
				<lines><line number="3197"  hits="1" /></lines>
			</method>
			<method name="(anonymous_445)"  hits="0"  signature="()V" >
				<lines><line number="3199"  hits="0" /></lines>
			</method>
			<method name="(anonymous_446)"  hits="0"  signature="()V" >
				<lines><line number="3201"  hits="0" /></lines>
			</method>
			<method name="(anonymous_447)"  hits="0"  signature="()V" >
				<lines><line number="3207"  hits="0" /></lines>
			</method>
			<method name="(anonymous_448)"  hits="0"  signature="()V" >
				<lines><line number="3210"  hits="0" /></lines>
			</method>
			<method name="(anonymous_449)"  hits="0"  signature="()V" >
				<lines><line number="3225"  hits="0" /></lines>
			</method>
			<method name="(anonymous_450)"  hits="0"  signature="()V" >
				<lines><line number="3228"  hits="0" /></lines>
			</method>
			<method name="(anonymous_451)"  hits="0"  signature="()V" >
				<lines><line number="3229"  hits="0" /></lines>
			</method>
			<method name="(anonymous_452)"  hits="0"  signature="()V" >
				<lines><line number="3241"  hits="0" /></lines>
			</method>
			<method name="(anonymous_453)"  hits="0"  signature="()V" >
				<lines><line number="3242"  hits="0" /></lines>
			</method>
			<method name="(anonymous_454)"  hits="0"  signature="()V" >
				<lines><line number="3253"  hits="0" /></lines>
			</method>
			<method name="(anonymous_455)"  hits="0"  signature="()V" >
				<lines><line number="3258"  hits="0" /></lines>
			</method>
			<method name="(anonymous_456)"  hits="0"  signature="()V" >
				<lines><line number="3259"  hits="0" /></lines>
			</method>
			<method name="(anonymous_457)"  hits="0"  signature="()V" >
				<lines><line number="3264"  hits="0" /></lines>
			</method>
			<method name="(anonymous_458)"  hits="1"  signature="()V" >
				<lines><line number="3277"  hits="1" /></lines>
			</method>
			<method name="(anonymous_459)"  hits="336"  signature="()V" >
				<lines><line number="3278"  hits="336" /></lines>
			</method>
			<method name="(anonymous_460)"  hits="180"  signature="()V" >
				<lines><line number="3278"  hits="180" /></lines>
			</method>
			<method name="(anonymous_461)"  hits="37"  signature="()V" >
				<lines><line number="3279"  hits="37" /></lines>
			</method>
			<method name="ctor"  hits="37"  signature="()V" >
				<lines><line number="3279"  hits="37" /></lines>
			</method>
			<method name="(anonymous_463)"  hits="37"  signature="()V" >
				<lines><line number="3283"  hits="37" /></lines>
			</method>
			<method name="(anonymous_464)"  hits="37"  signature="()V" >
				<lines><line number="3285"  hits="37" /></lines>
			</method>
			<method name="(anonymous_465)"  hits="2"  signature="()V" >
				<lines><line number="3296"  hits="2" /></lines>
			</method>
			<method name="MarkerChildModel"  hits="28"  signature="()V" >
				<lines><line number="3310"  hits="28" /></lines>
			</method>
			<method name="(anonymous_467)"  hits="28"  signature="()V" >
				<lines><line number="3335"  hits="28" /></lines>
			</method>
			<method name="(anonymous_468)"  hits="322"  signature="()V" >
				<lines><line number="3336"  hits="322" /></lines>
			</method>
			<method name="(anonymous_469)"  hits="28"  signature="()V" >
				<lines><line number="3349"  hits="28" /></lines>
			</method>
			<method name="(anonymous_470)"  hits="0"  signature="()V" >
				<lines><line number="3350"  hits="0" /></lines>
			</method>
			<method name="(anonymous_471)"  hits="25"  signature="()V" >
				<lines><line number="3357"  hits="25" /></lines>
			</method>
			<method name="(anonymous_472)"  hits="12"  signature="()V" >
				<lines><line number="3358"  hits="12" /></lines>
			</method>
			<method name="(anonymous_473)"  hits="3"  signature="()V" >
				<lines><line number="3365"  hits="3" /></lines>
			</method>
			<method name="(anonymous_474)"  hits="0"  signature="()V" >
				<lines><line number="3366"  hits="0" /></lines>
			</method>
			<method name="(anonymous_475)"  hits="24"  signature="()V" >
				<lines><line number="3375"  hits="24" /></lines>
			</method>
			<method name="(anonymous_476)"  hits="28"  signature="()V" >
				<lines><line number="3379"  hits="28" /></lines>
			</method>
			<method name="(anonymous_477)"  hits="2"  signature="()V" >
				<lines><line number="3380"  hits="2" /></lines>
			</method>
			<method name="(anonymous_478)"  hits="2"  signature="()V" >
				<lines><line number="3388"  hits="2" /></lines>
			</method>
			<method name="(anonymous_479)"  hits="1"  signature="()V" >
				<lines><line number="3396"  hits="1" /></lines>
			</method>
			<method name="(anonymous_480)"  hits="1"  signature="()V" >
				<lines><line number="3402"  hits="1" /></lines>
			</method>
			<method name="(anonymous_481)"  hits="0"  signature="()V" >
				<lines><line number="3403"  hits="0" /></lines>
			</method>
			<method name="(anonymous_482)"  hits="2"  signature="()V" >
				<lines><line number="3414"  hits="2" /></lines>
			</method>
			<method name="(anonymous_483)"  hits="34"  signature="()V" >
				<lines><line number="3419"  hits="34" /></lines>
			</method>
			<method name="(anonymous_484)"  hits="10"  signature="()V" >
				<lines><line number="3449"  hits="10" /></lines>
			</method>
			<method name="(anonymous_485)"  hits="2"  signature="()V" >
				<lines><line number="3471"  hits="2" /></lines>
			</method>
			<method name="(anonymous_486)"  hits="8"  signature="()V" >
				<lines><line number="3472"  hits="8" /></lines>
			</method>
			<method name="(anonymous_487)"  hits="30"  signature="()V" >
				<lines><line number="3487"  hits="30" /></lines>
			</method>
			<method name="(anonymous_488)"  hits="35"  signature="()V" >
				<lines><line number="3501"  hits="35" /></lines>
			</method>
			<method name="(anonymous_489)"  hits="34"  signature="()V" >
				<lines><line number="3517"  hits="34" /></lines>
			</method>
			<method name="(anonymous_490)"  hits="2"  signature="()V" >
				<lines><line number="3527"  hits="2" /></lines>
			</method>
			<method name="(anonymous_491)"  hits="2"  signature="()V" >
				<lines><line number="3534"  hits="2" /></lines>
			</method>
			<method name="(anonymous_492)"  hits="2"  signature="()V" >
				<lines><line number="3535"  hits="2" /></lines>
			</method>
			<method name="(anonymous_493)"  hits="2"  signature="()V" >
				<lines><line number="3551"  hits="2" /></lines>
			</method>
			<method name="(anonymous_494)"  hits="2"  signature="()V" >
				<lines><line number="3558"  hits="2" /></lines>
			</method>
			<method name="(anonymous_495)"  hits="2"  signature="()V" >
				<lines><line number="3559"  hits="2" /></lines>
			</method>
			<method name="(anonymous_496)"  hits="30"  signature="()V" >
				<lines><line number="3574"  hits="30" /></lines>
			</method>
			<method name="(anonymous_497)"  hits="30"  signature="()V" >
				<lines><line number="3582"  hits="30" /></lines>
			</method>
			<method name="(anonymous_498)"  hits="30"  signature="()V" >
				<lines><line number="3583"  hits="30" /></lines>
			</method>
			<method name="(anonymous_499)"  hits="2"  signature="()V" >
				<lines><line number="3619"  hits="2" /></lines>
			</method>
			<method name="(anonymous_500)"  hits="2"  signature="()V" >
				<lines><line number="3642"  hits="2" /></lines>
			</method>
			<method name="(anonymous_501)"  hits="30"  signature="()V" >
				<lines><line number="3649"  hits="30" /></lines>
			</method>
			<method name="(anonymous_502)"  hits="30"  signature="()V" >
				<lines><line number="3651"  hits="30" /></lines>
			</method>
			<method name="(anonymous_503)"  hits="0"  signature="()V" >
				<lines><line number="3652"  hits="0" /></lines>
			</method>
			<method name="(anonymous_504)"  hits="30"  signature="()V" >
				<lines><line number="3664"  hits="30" /></lines>
			</method>
			<method name="(anonymous_505)"  hits="2"  signature="()V" >
				<lines><line number="3665"  hits="2" /></lines>
			</method>
			<method name="(anonymous_506)"  hits="1"  signature="()V" >
				<lines><line number="3684"  hits="1" /></lines>
			</method>
			<method name="(anonymous_507)"  hits="6"  signature="()V" >
				<lines><line number="3685"  hits="6" /></lines>
			</method>
			<method name="ctor"  hits="6"  signature="()V" >
				<lines><line number="3685"  hits="6" /></lines>
			</method>
			<method name="(anonymous_509)"  hits="6"  signature="()V" >
				<lines><line number="3689"  hits="6" /></lines>
			</method>
			<method name="(anonymous_510)"  hits="4"  signature="()V" >
				<lines><line number="3691"  hits="4" /></lines>
			</method>
			<method name="(anonymous_511)"  hits="6"  signature="()V" >
				<lines><line number="3695"  hits="6" /></lines>
			</method>
			<method name="PolygonChildModel"  hits="4"  signature="()V" >
				<lines><line number="3698"  hits="4" /></lines>
			</method>
			<method name="(anonymous_513)"  hits="1"  signature="()V" >
				<lines><line number="3709"  hits="1" /></lines>
			</method>
			<method name="(anonymous_514)"  hits="3"  signature="()V" >
				<lines><line number="3710"  hits="3" /></lines>
			</method>
			<method name="ctor"  hits="3"  signature="()V" >
				<lines><line number="3710"  hits="3" /></lines>
			</method>
			<method name="(anonymous_516)"  hits="3"  signature="()V" >
				<lines><line number="3714"  hits="3" /></lines>
			</method>
			<method name="(anonymous_517)"  hits="2"  signature="()V" >
				<lines><line number="3716"  hits="2" /></lines>
			</method>
			<method name="(anonymous_518)"  hits="3"  signature="()V" >
				<lines><line number="3720"  hits="3" /></lines>
			</method>
			<method name="PolylineChildModel"  hits="2"  signature="()V" >
				<lines><line number="3723"  hits="2" /></lines>
			</method>
			<method name="(anonymous_520)"  hits="1"  signature="()V" >
				<lines><line number="3734"  hits="1" /></lines>
			</method>
			<method name="(anonymous_521)"  hits="52"  signature="()V" >
				<lines><line number="3735"  hits="52" /></lines>
			</method>
			<method name="(anonymous_522)"  hits="40"  signature="()V" >
				<lines><line number="3735"  hits="40" /></lines>
			</method>
			<method name="(anonymous_523)"  hits="7"  signature="()V" >
				<lines><line number="3736"  hits="7" /></lines>
			</method>
			<method name="ctor"  hits="7"  signature="()V" >
				<lines><line number="3736"  hits="7" /></lines>
			</method>
			<method name="(anonymous_525)"  hits="7"  signature="()V" >
				<lines><line number="3740"  hits="7" /></lines>
			</method>
			<method name="(anonymous_526)"  hits="7"  signature="()V" >
				<lines><line number="3742"  hits="7" /></lines>
			</method>
			<method name="WindowChildModel"  hits="4"  signature="()V" >
				<lines><line number="3749"  hits="4" /></lines>
			</method>
			<method name="(anonymous_528)"  hits="20"  signature="()V" >
				<lines><line number="3774"  hits="20" /></lines>
			</method>
			<method name="(anonymous_529)"  hits="4"  signature="()V" >
				<lines><line number="3790"  hits="4" /></lines>
			</method>
			<method name="(anonymous_530)"  hits="0"  signature="()V" >
				<lines><line number="3791"  hits="0" /></lines>
			</method>
			<method name="(anonymous_531)"  hits="8"  signature="()V" >
				<lines><line number="3798"  hits="8" /></lines>
			</method>
			<method name="(anonymous_532)"  hits="4"  signature="()V" >
				<lines><line number="3806"  hits="4" /></lines>
			</method>
			<method name="(anonymous_533)"  hits="4"  signature="()V" >
				<lines><line number="3814"  hits="4" /></lines>
			</method>
			<method name="(anonymous_534)"  hits="4"  signature="()V" >
				<lines><line number="3815"  hits="4" /></lines>
			</method>
			<method name="(anonymous_535)"  hits="0"  signature="()V" >
				<lines><line number="3816"  hits="0" /></lines>
			</method>
			<method name="(anonymous_536)"  hits="4"  signature="()V" >
				<lines><line number="3833"  hits="4" /></lines>
			</method>
			<method name="(anonymous_537)"  hits="0"  signature="()V" >
				<lines><line number="3858"  hits="0" /></lines>
			</method>
			<method name="(anonymous_538)"  hits="4"  signature="()V" >
				<lines><line number="3861"  hits="4" /></lines>
			</method>
			<method name="(anonymous_539)"  hits="0"  signature="()V" >
				<lines><line number="3862"  hits="0" /></lines>
			</method>
			<method name="(anonymous_540)"  hits="0"  signature="()V" >
				<lines><line number="3866"  hits="0" /></lines>
			</method>
			<method name="(anonymous_541)"  hits="4"  signature="()V" >
				<lines><line number="3888"  hits="4" /></lines>
			</method>
			<method name="(anonymous_542)"  hits="4"  signature="()V" >
				<lines><line number="3891"  hits="4" /></lines>
			</method>
			<method name="(anonymous_543)"  hits="0"  signature="()V" >
				<lines><line number="3892"  hits="0" /></lines>
			</method>
			<method name="(anonymous_544)"  hits="4"  signature="()V" >
				<lines><line number="3912"  hits="4" /></lines>
			</method>
			<method name="(anonymous_545)"  hits="4"  signature="()V" >
				<lines><line number="3913"  hits="4" /></lines>
			</method>
			<method name="(anonymous_546)"  hits="0"  signature="()V" >
				<lines><line number="3914"  hits="0" /></lines>
			</method>
			<method name="(anonymous_547)"  hits="4"  signature="()V" >
				<lines><line number="3930"  hits="4" /></lines>
			</method>
			<method name="(anonymous_548)"  hits="4"  signature="()V" >
				<lines><line number="3936"  hits="4" /></lines>
			</method>
			<method name="(anonymous_549)"  hits="0"  signature="()V" >
				<lines><line number="3937"  hits="0" /></lines>
			</method>
			<method name="(anonymous_550)"  hits="8"  signature="()V" >
				<lines><line number="3961"  hits="8" /></lines>
			</method>
			<method name="(anonymous_551)"  hits="8"  signature="()V" >
				<lines><line number="3967"  hits="8" /></lines>
			</method>
			<method name="(anonymous_552)"  hits="8"  signature="()V" >
				<lines><line number="3968"  hits="8" /></lines>
			</method>
			<method name="(anonymous_553)"  hits="0"  signature="()V" >
				<lines><line number="3992"  hits="0" /></lines>
			</method>
			<method name="(anonymous_554)"  hits="0"  signature="()V" >
				<lines><line number="3993"  hits="0" /></lines>
			</method>
			<method name="(anonymous_555)"  hits="0"  signature="()V" >
				<lines><line number="4015"  hits="0" /></lines>
			</method>
			<method name="(anonymous_556)"  hits="0"  signature="()V" >
				<lines><line number="4020"  hits="0" /></lines>
			</method>
			<method name="(anonymous_557)"  hits="0"  signature="()V" >
				<lines><line number="4026"  hits="0" /></lines>
			</method>
			<method name="(anonymous_558)"  hits="0"  signature="()V" >
				<lines><line number="4038"  hits="0" /></lines>
			</method>
			<method name="(anonymous_559)"  hits="0"  signature="()V" >
				<lines><line number="4046"  hits="0" /></lines>
			</method>
			<method name="(anonymous_560)"  hits="0"  signature="()V" >
				<lines><line number="4057"  hits="0" /></lines>
			</method>
			<method name="(anonymous_561)"  hits="1"  signature="()V" >
				<lines><line number="4070"  hits="1" /></lines>
			</method>
			<method name="(anonymous_562)"  hits="33"  signature="()V" >
				<lines><line number="4071"  hits="33" /></lines>
			</method>
			<method name="(anonymous_563)"  hits="3"  signature="()V" >
				<lines><line number="4071"  hits="3" /></lines>
			</method>
			<method name="(anonymous_564)"  hits="3"  signature="()V" >
				<lines><line number="4072"  hits="3" /></lines>
			</method>
			<method name="ctor"  hits="3"  signature="()V" >
				<lines><line number="4072"  hits="3" /></lines>
			</method>
			<method name="(anonymous_566)"  hits="3"  signature="()V" >
				<lines><line number="4076"  hits="3" /></lines>
			</method>
			<method name="(anonymous_567)"  hits="3"  signature="()V" >
				<lines><line number="4077"  hits="3" /></lines>
			</method>
			<method name="(anonymous_568)"  hits="3"  signature="()V" >
				<lines><line number="4079"  hits="3" /></lines>
			</method>
			<method name="BasePolysParentModel"  hits="3"  signature="()V" >
				<lines><line number="4084"  hits="3" /></lines>
			</method>
			<method name="(anonymous_570)"  hits="3"  signature="()V" >
				<lines><line number="4104"  hits="3" /></lines>
			</method>
			<method name="(anonymous_571)"  hits="42"  signature="()V" >
				<lines><line number="4105"  hits="42" /></lines>
			</method>
			<method name="(anonymous_572)"  hits="0"  signature="()V" >
				<lines><line number="4115"  hits="0" /></lines>
			</method>
			<method name="(anonymous_573)"  hits="0"  signature="()V" >
				<lines><line number="4121"  hits="0" /></lines>
			</method>
			<method name="(anonymous_574)"  hits="0"  signature="()V" >
				<lines><line number="4122"  hits="0" /></lines>
			</method>
			<method name="(anonymous_575)"  hits="0"  signature="()V" >
				<lines><line number="4134"  hits="0" /></lines>
			</method>
			<method name="(anonymous_576)"  hits="0"  signature="()V" >
				<lines><line number="4140"  hits="0" /></lines>
			</method>
			<method name="(anonymous_577)"  hits="0"  signature="()V" >
				<lines><line number="4141"  hits="0" /></lines>
			</method>
			<method name="(anonymous_578)"  hits="0"  signature="()V" >
				<lines><line number="4142"  hits="0" /></lines>
			</method>
			<method name="(anonymous_579)"  hits="0"  signature="()V" >
				<lines><line number="4150"  hits="0" /></lines>
			</method>
			<method name="(anonymous_580)"  hits="0"  signature="()V" >
				<lines><line number="4152"  hits="0" /></lines>
			</method>
			<method name="(anonymous_581)"  hits="0"  signature="()V" >
				<lines><line number="4153"  hits="0" /></lines>
			</method>
			<method name="(anonymous_582)"  hits="0"  signature="()V" >
				<lines><line number="4154"  hits="0" /></lines>
			</method>
			<method name="(anonymous_583)"  hits="0"  signature="()V" >
				<lines><line number="4156"  hits="0" /></lines>
			</method>
			<method name="(anonymous_584)"  hits="0"  signature="()V" >
				<lines><line number="4164"  hits="0" /></lines>
			</method>
			<method name="(anonymous_585)"  hits="0"  signature="()V" >
				<lines><line number="4165"  hits="0" /></lines>
			</method>
			<method name="(anonymous_586)"  hits="0"  signature="()V" >
				<lines><line number="4166"  hits="0" /></lines>
			</method>
			<method name="(anonymous_587)"  hits="3"  signature="()V" >
				<lines><line number="4172"  hits="3" /></lines>
			</method>
			<method name="(anonymous_588)"  hits="0"  signature="()V" >
				<lines><line number="4191"  hits="0" /></lines>
			</method>
			<method name="(anonymous_589)"  hits="0"  signature="()V" >
				<lines><line number="4193"  hits="0" /></lines>
			</method>
			<method name="(anonymous_590)"  hits="0"  signature="()V" >
				<lines><line number="4194"  hits="0" /></lines>
			</method>
			<method name="(anonymous_591)"  hits="0"  signature="()V" >
				<lines><line number="4203"  hits="0" /></lines>
			</method>
			<method name="(anonymous_592)"  hits="0"  signature="()V" >
				<lines><line number="4217"  hits="0" /></lines>
			</method>
			<method name="(anonymous_593)"  hits="0"  signature="()V" >
				<lines><line number="4219"  hits="0" /></lines>
			</method>
			<method name="(anonymous_594)"  hits="0"  signature="()V" >
				<lines><line number="4220"  hits="0" /></lines>
			</method>
			<method name="(anonymous_595)"  hits="0"  signature="()V" >
				<lines><line number="4221"  hits="0" /></lines>
			</method>
			<method name="(anonymous_596)"  hits="0"  signature="()V" >
				<lines><line number="4230"  hits="0" /></lines>
			</method>
			<method name="(anonymous_597)"  hits="0"  signature="()V" >
				<lines><line number="4238"  hits="0" /></lines>
			</method>
			<method name="(anonymous_598)"  hits="0"  signature="()V" >
				<lines><line number="4250"  hits="0" /></lines>
			</method>
			<method name="(anonymous_599)"  hits="0"  signature="()V" >
				<lines><line number="4252"  hits="0" /></lines>
			</method>
			<method name="(anonymous_600)"  hits="0"  signature="()V" >
				<lines><line number="4253"  hits="0" /></lines>
			</method>
			<method name="(anonymous_601)"  hits="0"  signature="()V" >
				<lines><line number="4254"  hits="0" /></lines>
			</method>
			<method name="(anonymous_602)"  hits="0"  signature="()V" >
				<lines><line number="4256"  hits="0" /></lines>
			</method>
			<method name="(anonymous_603)"  hits="0"  signature="()V" >
				<lines><line number="4259"  hits="0" /></lines>
			</method>
			<method name="(anonymous_604)"  hits="0"  signature="()V" >
				<lines><line number="4264"  hits="0" /></lines>
			</method>
			<method name="(anonymous_605)"  hits="0"  signature="()V" >
				<lines><line number="4271"  hits="0" /></lines>
			</method>
			<method name="(anonymous_606)"  hits="0"  signature="()V" >
				<lines><line number="4272"  hits="0" /></lines>
			</method>
			<method name="(anonymous_607)"  hits="0"  signature="()V" >
				<lines><line number="4278"  hits="0" /></lines>
			</method>
			<method name="(anonymous_608)"  hits="0"  signature="()V" >
				<lines><line number="4290"  hits="0" /></lines>
			</method>
			<method name="(anonymous_609)"  hits="0"  signature="()V" >
				<lines><line number="4294"  hits="0" /></lines>
			</method>
			<method name="(anonymous_610)"  hits="0"  signature="()V" >
				<lines><line number="4295"  hits="0" /></lines>
			</method>
			<method name="(anonymous_611)"  hits="0"  signature="()V" >
				<lines><line number="4302"  hits="0" /></lines>
			</method>
			<method name="(anonymous_612)"  hits="0"  signature="()V" >
				<lines><line number="4303"  hits="0" /></lines>
			</method>
			<method name="(anonymous_613)"  hits="0"  signature="()V" >
				<lines><line number="4315"  hits="0" /></lines>
			</method>
			<method name="(anonymous_614)"  hits="0"  signature="()V" >
				<lines><line number="4317"  hits="0" /></lines>
			</method>
			<method name="(anonymous_615)"  hits="1"  signature="()V" >
				<lines><line number="4335"  hits="1" /></lines>
			</method>
			<method name="(anonymous_616)"  hits="9"  signature="()V" >
				<lines><line number="4336"  hits="9" /></lines>
			</method>
			<method name="ctor"  hits="9"  signature="()V" >
				<lines><line number="4336"  hits="9" /></lines>
			</method>
			<method name="(anonymous_618)"  hits="9"  signature="()V" >
				<lines><line number="4340"  hits="9" /></lines>
			</method>
			<method name="(anonymous_619)"  hits="11"  signature="()V" >
				<lines><line number="4342"  hits="11" /></lines>
			</method>
[...]
			<line number="14873"  hits="1"  branch="false" />
			<line number="14874"  hits="1"  branch="true"  condition-coverage="100% (4/4)" />
			<line number="14875"  hits="1"  branch="false" />
			<line number="14877"  hits="1"  branch="false" />
			<line number="14878"  hits="1"  branch="true"  condition-coverage="100% (2/2)" />
			<line number="14879"  hits="1"  branch="false" />
			<line number="14884"  hits="1"  branch="false" />
			<line number="14887"  hits="1"  branch="true"  condition-coverage="100% (2/2)" />
			<line number="14888"  hits="1"  branch="false" />
			<line number="14890"  hits="1"  branch="false" />
			<line number="14895"  hits="19"  branch="false" />
			<line number="14896"  hits="1"  branch="false" />
			<line number="14897"  hits="1"  branch="true"  condition-coverage="100% (2/2)" />
			<line number="14898"  hits="1"  branch="false" />
			<line number="14900"  hits="1"  branch="true"  condition-coverage="100% (2/2)" />
			<line number="14901"  hits="1"  branch="false" />
			<line number="14903"  hits="1"  branch="false" />
			<line number="14904"  hits="1"  branch="false" />
			<line number="14905"  hits="1"  branch="false" />
			<line number="14906"  hits="1"  branch="false" />
			<line number="14907"  hits="1"  branch="false" />
			<line number="14908"  hits="1"  branch="false" />
			<line number="14909"  hits="1"  branch="false" />
			<line number="14910"  hits="1"  branch="true"  condition-coverage="100% (5/5)" />
			<line number="14911"  hits="1"  branch="false" />
			<line number="14913"  hits="1"  branch="true"  condition-coverage="100% (4/4)" />
			<line number="14914"  hits="1"  branch="true"  condition-coverage="100% (2/2)" />
			<line number="14915"  hits="1"  branch="false" />
			<line number="14916"  hits="1"  branch="true"  condition-coverage="100% (2/2)" />
			<line number="14917"  hits="1"  branch="false" />
			<line number="14921"  hits="1"  branch="false" />
			<line number="14924"  hits="19"  branch="false" />
			<line number="14925"  hits="1"  branch="false" />
			<line number="14926"  hits="1"  branch="true"  condition-coverage="100% (2/2)" />
			<line number="14927"  hits="1"  branch="false" />
			<line number="14929"  hits="1"  branch="false" />
			<line number="14930"  hits="1"  branch="false" />
			<line number="14931"  hits="1"  branch="false" />
			<line number="14932"  hits="1"  branch="false" />
			<line number="14933"  hits="1"  branch="false" />
			<line number="14934"  hits="1"  branch="false" />
			<line number="14935"  hits="1"  branch="false" />
			<line number="14936"  hits="1"  branch="false" />
			<line number="14937"  hits="1"  branch="false" />
			<line number="14942"  hits="1"  branch="false" />
			<line number="14944"  hits="1"  branch="false" />
			<line number="14945"  hits="1"  branch="false" />
			<line number="14946"  hits="1"  branch="false" />
			<line number="14947"  hits="1"  branch="true"  condition-coverage="100% (4/4)" />
			<line number="14948"  hits="1"  branch="false" />
			<line number="14950"  hits="1"  branch="false" />
			<line number="14951"  hits="1"  branch="true"  condition-coverage="100% (2/2)" />
			<line number="14952"  hits="1"  branch="false" />
			<line number="14954"  hits="1"  branch="false" />
			<line number="14955"  hits="1"  branch="false" />
			<line number="14956"  hits="1"  branch="false" />
			<line number="14957"  hits="1"  branch="true"  condition-coverage="100% (2/2)" />
			<line number="14958"  hits="1"  branch="false" />
			<line number="14960"  hits="1"  branch="true"  condition-coverage="100% (4/4)" />
			<line number="14961"  hits="1"  branch="false" />
			<line number="14963"  hits="1"  branch="false" />
			<line number="14964"  hits="1"  branch="true"  condition-coverage="100% (4/4)" />
			<line number="14965"  hits="1"  branch="false" />
			<line number="14967"  hits="1"  branch="true"  condition-coverage="100% (2/2)" />
			<line number="14968"  hits="1"  branch="false" />
			<line number="14969"  hits="1"  branch="false" />
			<line number="14973"  hits="1"  branch="false" />
			<line number="14974"  hits="1"  branch="false" />
			<line number="14975"  hits="1"  branch="false" />
			<line number="14976"  hits="1"  branch="false" />
			<line number="14977"  hits="1"  branch="true"  condition-coverage="100% (2/2)" />
			<line number="14978"  hits="1"  branch="false" />
			<line number="14981"  hits="1"  branch="false" />
			<line number="14984"  hits="19"  branch="false" />
			<line number="14985"  hits="1"  branch="false" />
			<line number="14987"  hits="1"  branch="false" />
			<line number="14988"  hits="1"  branch="false" />
			<line number="14995"  hits="1"  branch="false" />
			<line number="14996"  hits="1"  branch="false" />
			<line number="15005"  hits="19"  branch="false" />
			<line number="15006"  hits="1"  branch="false" />
			<line number="15007"  hits="1"  branch="true"  condition-coverage="100% (4/4)" />
			<line number="15008"  hits="1"  branch="false" />
			<line number="15010"  hits="1"  branch="false" />
			<line number="15011"  hits="1"  branch="false" />
			<line number="15012"  hits="1"  branch="false" />
			<line number="15013"  hits="1"  branch="false" />
			<line number="15014"  hits="1"  branch="false" />
			<line number="15015"  hits="1"  branch="false" />
			<line number="15016"  hits="1"  branch="false" />
			<line number="15017"  hits="1"  branch="false" />
			<line number="15019"  hits="1"  branch="false" />
			<line number="15021"  hits="1"  branch="true"  condition-coverage="100% (2/2)" />
			<line number="15022"  hits="1"  branch="false" />
			<line number="15023"  hits="1"  branch="false" />
			<line number="15024"  hits="1"  branch="false" />
			<line number="15025"  hits="1"  branch="false" />
			<line number="15026"  hits="1"  branch="false" />
			<line number="15027"  hits="1"  branch="false" />
			<line number="15028"  hits="1"  branch="false" />
			<line number="15029"  hits="1"  branch="false" />
			<line number="15030"  hits="1"  branch="false" />
			<line number="15033"  hits="1"  branch="false" />
			<line number="15034"  hits="1"  branch="false" />
			<line number="15041"  hits="1"  branch="false" />
			<line number="15045"  hits="1"  branch="true"  condition-coverage="100% (2/2)" />
			<line number="15046"  hits="1"  branch="false" />
			<line number="15047"  hits="1"  branch="false" />
			<line number="15052"  hits="1"  branch="false" />
			<line number="15053"  hits="1"  branch="false" />
			<line number="15054"  hits="1"  branch="false" />
			<line number="15056"  hits="1"  branch="false" />
			<line number="15058"  hits="1"  branch="false" />
			<line number="15059"  hits="1"  branch="false" />
			<line number="15060"  hits="1"  branch="false" />
			<line number="15063"  hits="19"  branch="false" />
			<line number="15064"  hits="1"  branch="false" />
			<line number="15065"  hits="1"  branch="true"  condition-coverage="100% (2/2)" />
			<line number="15066"  hits="1"  branch="false" />
			<line number="15068"  hits="1"  branch="true"  condition-coverage="100% (2/2)" />
			<line number="15069"  hits="1"  branch="false" />
			<line number="15071"  hits="1"  branch="false" />
			<line number="15072"  hits="1"  branch="false" />
			<line number="15073"  hits="1"  branch="false" />
			<line number="15074"  hits="1"  branch="false" />
			<line number="15075"  hits="1"  branch="false" />
			<line number="15076"  hits="1"  branch="false" />
			<line number="15077"  hits="1"  branch="true"  condition-coverage="100% (2/2)" />
			<line number="15078"  hits="1"  branch="false" />
			<line number="15079"  hits="1"  branch="true"  condition-coverage="100% (2/2)" />
			<line number="15080"  hits="1"  branch="false" />
			<line number="15082"  hits="1"  branch="false" />
			<line number="15083"  hits="1"  branch="false" />
			<line number="15084"  hits="1"  branch="true"  condition-coverage="100% (2/2)" />
			<line number="15085"  hits="1"  branch="false" />
			<line number="15086"  hits="1"  branch="false" />
			<line number="15088"  hits="1"  branch="false" />
			<line number="15089"  hits="1"  branch="false" />
			<line number="15091"  hits="1"  branch="false" />
			<line number="15094"  hits="1"  branch="false" />
			<line number="15095"  hits="1"  branch="false" />
			<line number="15096"  hits="1"  branch="false" />
			<line number="15097"  hits="1"  branch="false" />
			<line number="15100"  hits="19"  branch="false" />
			<line number="15101"  hits="1"  branch="false" />
			<line number="15102"  hits="1"  branch="false" />
			<line number="15103"  hits="1"  branch="false" />
			<line number="15104"  hits="1"  branch="false" />
			<line number="15107"  hits="19"  branch="false" />
			<line number="15108"  hits="1"  branch="false" />
			<line number="15109"  hits="1"  branch="false" />
			<line number="15110"  hits="1"  branch="false" />
			<line number="15111"  hits="1"  branch="false" />
			<line number="15112"  hits="1"  branch="false" />
			<line number="15113"  hits="1"  branch="false" />
			<line number="15115"  hits="1"  branch="false" />
			<line number="15116"  hits="1"  branch="false" />
			<line number="15119"  hits="19"  branch="false" />
			<line number="15120"  hits="1"  branch="false" />
			<line number="15123"  hits="19"  branch="false" />
			<line number="15124"  hits="1"  branch="false" />
			<line number="15127"  hits="19"  branch="false" />
			<line number="15128"  hits="1"  branch="false" />
			<line number="15129"  hits="1"  branch="false" />
			<line number="15130"  hits="1"  branch="false" />
			<line number="15131"  hits="1"  branch="false" />
			<line number="15132"  hits="1"  branch="true"  condition-coverage="100% (5/5)" />
			<line number="15133"  hits="1"  branch="false" />
			<line number="15134"  hits="1"  branch="false" />
			<line number="15137"  hits="1"  branch="false" />
			<line number="15140"  hits="19"  branch="false" />
			<line number="15141"  hits="1"  branch="false" />
			<line number="15142"  hits="1"  branch="true"  condition-coverage="100% (2/2)" />
			<line number="15143"  hits="1"  branch="false" />
			<line number="15145"  hits="1"  branch="false" />
			<line number="15146"  hits="1"  branch="false" />
			<line number="15147"  hits="1"  branch="true"  condition-coverage="100% (2/2)" />
			<line number="15148"  hits="1"  branch="false" />
			<line number="15151"  hits="1"  branch="false" />
			<line number="15154"  hits="19"  branch="false" />
			<line number="15160"  hits="19"  branch="false" />
			<line number="15161"  hits="8"  branch="false" />
			<line number="15163"  hits="19"  branch="false" />
			<line number="15170"  hits="1"  branch="false" />
			<line number="15172"  hits="47"  branch="false" />
			<line number="15174"  hits="46"  branch="false" />
			<line number="15175"  hits="46"  branch="false" />
			<line number="15177"  hits="92"  branch="false" />
			<line number="15178"  hits="276"  branch="true"  condition-coverage="50% (1/2)" />
			<line number="15180"  hits="1"  branch="false" />
			<line number="15181"  hits="92"  branch="false" />
			<line number="15184"  hits="92"  branch="false" />
			<line number="15185"  hits="92"  branch="false" />
			<line number="15186"  hits="92"  branch="false" />
			<line number="15187"  hits="92"  branch="false" />
			<line number="15190"  hits="46"  branch="false" />
			<line number="15191"  hits="46"  branch="false" />
			<line number="15193"  hits="1"  branch="false" />
			<line number="15194"  hits="0"  branch="false" />
			<line number="15195"  hits="0"  branch="false" />
			<line number="15205"  hits="46"  branch="false" />
			<line number="15206"  hits="0"  branch="false" />
			<line number="15207"  hits="0"  branch="false" />
			<line number="15208"  hits="0"  branch="false" />
			<line number="15210"  hits="0"  branch="true"  condition-coverage="0% (0/2)" />
			<line number="15211"  hits="0"  branch="false" />
			<line number="15212"  hits="0"  branch="true"  condition-coverage="0% (0/4)" />
			<line number="15213"  hits="0"  branch="false" />
			<line number="15216"  hits="0"  branch="true"  condition-coverage="0% (0/2)" />
			<line number="15217"  hits="0"  branch="false" />
			<line number="15218"  hits="0"  branch="false" />
			<line number="15220"  hits="0"  branch="true"  condition-coverage="0% (0/2)" />
			<line number="15221"  hits="0"  branch="false" />
			<line number="15222"  hits="0"  branch="false" />
			<line number="15223"  hits="0"  branch="false" />
			<line number="15224"  hits="0"  branch="false" />
			<line number="15225"  hits="0"  branch="false" />
			<line number="15228"  hits="0"  branch="false" />
			<line number="15229"  hits="0"  branch="false" />
			<line number="15231"  hits="0"  branch="false" />
			<line number="15232"  hits="0"  branch="false" />
			<line number="15233"  hits="0"  branch="true"  condition-coverage="0% (0/4)" />
			<line number="15235"  hits="0"  branch="true"  condition-coverage="0% (0/2)" />
			<line number="15236"  hits="0"  branch="false" />
			<line number="15238"  hits="0"  branch="true"  condition-coverage="0% (0/2)" />
			<line number="15240"  hits="0"  branch="true"  condition-coverage="0% (0/2)" />
			<line number="15241"  hits="0"  branch="false" />
			<line number="15243"  hits="0"  branch="true"  condition-coverage="0% (0/2)" />
			<line number="15245"  hits="0"  branch="false" />
			<line number="15246"  hits="0"  branch="false" />
			<line number="15249"  hits="0"  branch="false" />
			<line number="15253"  hits="0"  branch="false" />
			<line number="15262"  hits="46"  branch="false" />
			<line number="15263"  hits="0"  branch="false" />
			<line number="15273"  hits="46"  branch="false" />
			<line number="15274"  hits="0"  branch="false" />
			<line number="15275"  hits="0"  branch="false" />
			<line number="15276"  hits="0"  branch="false" />
			<line number="15277"  hits="0"  branch="false" />
			<line number="15279"  hits="0"  branch="false" />
			<line number="15288"  hits="46"  branch="false" />
			<line number="15289"  hits="0"  branch="false" />
			<line number="15290"  hits="0"  branch="false" />
			<line number="15291"  hits="0"  branch="false" />
			<line number="15295"  hits="46"  branch="false" />
			<line number="15300"  hits="46"  branch="false" />
			<line number="15301"  hits="46"  branch="false" />
			<line number="15303"  hits="1"  branch="false" />
			<line number="15304"  hits="10"  branch="false" />
			<line number="15305"  hits="10"  branch="false" />
			<line number="15312"  hits="46"  branch="false" />
			<line number="15313"  hits="0"  branch="false" />
			<line number="15314"  hits="0"  branch="false" />
			<line number="15322"  hits="46"  branch="false" />
			<line number="15323"  hits="0"  branch="true"  condition-coverage="0% (0/2)" />
			<line number="15324"  hits="0"  branch="false" />
			<line number="15326"  hits="0"  branch="false" />
			<line number="15327"  hits="0"  branch="false" />
			<line number="15328"  hits="0"  branch="false" />
			<line number="15338"  hits="46"  branch="false" />
			<line number="15339"  hits="0"  branch="false" />
			<line number="15340"  hits="0"  branch="false" />
			<line number="15341"  hits="0"  branch="false" />
			<line number="15342"  hits="0"  branch="true"  condition-coverage="0% (0/2)" />
			<line number="15343"  hits="0"  branch="false" />
			<line number="15347"  hits="0"  branch="true"  condition-coverage="0% (0/2)" />
			<line number="15355"  hits="0"  branch="false" />
			<line number="15357"  hits="0"  branch="true"  condition-coverage="0% (0/2)" />
			<line number="15358"  hits="0"  branch="false" />
			<line number="15359"  hits="0"  branch="false" />
			<line number="15367"  hits="0"  branch="true"  condition-coverage="0% (0/2)" />
			<line number="15368"  hits="0"  branch="false" />
			<line number="15371"  hits="0"  branch="false" />
			<line number="15373"  hits="0"  branch="false" />
			<line number="15375"  hits="0"  branch="false" />
			<line number="15377"  hits="0"  branch="false" />
			<line number="15378"  hits="0"  branch="false" />
			<line number="15379"  hits="0"  branch="false" />
			<line number="15380"  hits="0"  branch="true"  condition-coverage="0% (0/4)" />
			<line number="15381"  hits="0"  branch="true"  condition-coverage="0% (0/5)" />
			<line number="15382"  hits="0"  branch="false" />
			<line number="15387"  hits="0"  branch="true"  condition-coverage="0% (0/2)" />
			<line number="15388"  hits="0"  branch="false" />
			<line number="15389"  hits="0"  branch="false" />
			<line number="15394"  hits="0"  branch="false" />
			<line number="15395"  hits="0"  branch="false" />
			<line number="15398"  hits="0"  branch="false" />
			<line number="15407"  hits="0"  branch="false" />
			<line number="15416"  hits="46"  branch="false" />
			<line number="15417"  hits="0"  branch="false" />
			<line number="15418"  hits="0"  branch="false" />
			<line number="15419"  hits="0"  branch="false" />
			<line number="15420"  hits="0"  branch="false" />
			<line number="15421"  hits="0"  branch="false" />
			<line number="15422"  hits="0"  branch="false" />
			<line number="15423"  hits="0"  branch="true"  condition-coverage="0% (0/2)" />
			<line number="15424"  hits="0"  branch="false" />
			<line number="15425"  hits="0"  branch="true"  condition-coverage="0% (0/2)" />
			<line number="15426"  hits="0"  branch="false" />
			<line number="15427"  hits="0"  branch="false" />
			<line number="15432"  hits="0"  branch="true"  condition-coverage="0% (0/4)" />
			<line number="15433"  hits="0"  branch="false" />
			<line number="15435"  hits="0"  branch="false" />
			<line number="15436"  hits="0"  branch="false" />
			<line number="15437"  hits="0"  branch="false" />
			<line number="15444"  hits="46"  branch="false" />
			<line number="15445"  hits="0"  branch="false" />
			<line number="15456"  hits="46"  branch="false" />
			<line number="15457"  hits="0"  branch="false" />
			<line number="15459"  hits="0"  branch="false" />
			<line number="15460"  hits="0"  branch="false" />
			<line number="15462"  hits="0"  branch="false" />
			<line number="15465"  hits="0"  branch="false" />
			<line number="15466"  hits="0"  branch="false" />
			<line number="15467"  hits="0"  branch="true"  condition-coverage="0% (0/2)" />
			<line number="15468"  hits="0"  branch="false" />
			<line number="15481"  hits="46"  branch="false" />
			<line number="15482"  hits="10"  branch="false" />
			<line number="15483"  hits="10"  branch="false" />
			<line number="15484"  hits="10"  branch="false" />
			<line number="15485"  hits="10"  branch="true"  condition-coverage="50% (1/2)" />
			<line number="15486"  hits="10"  branch="false" />
			<line number="15488"  hits="10"  branch="false" />
			<line number="15499"  hits="46"  branch="false" />
			<line number="15500"  hits="0"  branch="true"  condition-coverage="0% (0/2)" />
			<line number="15501"  hits="0"  branch="false" />
			<line number="15503"  hits="0"  branch="false" />
			<line number="15504"  hits="0"  branch="false" />
			<line number="15505"  hits="0"  branch="false" />
			<line number="15506"  hits="0"  branch="false" />
			<line number="15507"  hits="0"  branch="false" />
			<line number="15508"  hits="0"  branch="false" />
			<line number="15509"  hits="0"  branch="true"  condition-coverage="0% (0/2)" />
			<line number="15510"  hits="0"  branch="false" />
			<line number="15515"  hits="0"  branch="false" />
			<line number="15518"  hits="0"  branch="false" />
			<line number="15519"  hits="0"  branch="false" />
			<line number="15533"  hits="0"  branch="true"  condition-coverage="0% (0/4)" />
			<line number="15534"  hits="0"  branch="false" />
			<line number="15536"  hits="0"  branch="false" />
			<line number="15538"  hits="0"  branch="false" />
			<line number="15540"  hits="0"  branch="false" />
			<line number="15545"  hits="46"  branch="false" />
		</lines>
		</class>
	</classes>
	</package>
</packages>
</coverage>
